<?xml version="1.0" encoding="UTF-8" standalone="yes"?><!DOCTYPE report PUBLIC "-//JACOCO//DTD Report 1.1//EN" "report.dtd"><report name="app"><sessioninfo id="john-Lenovo-ideapad-310-15ISK-7f93eb68" start="1720885367256" dump="1720885372507"/><package name="picocli"><class name="picocli/CommandLine$DefaultHelpFactory" sourcefilename="CommandLine.java"><method name="create" desc="(Lpicocli/CommandLine$Model$CommandSpec;Lpicocli/CommandLine$Help$ColorScheme;)Lpicocli/CommandLine$Help;" line="5543"><counter type="INSTRUCTION" missed="6" covered="0"/><counter type="LINE" missed="1" covered="0"/><counter type="COMPLEXITY" missed="1" covered="0"/><counter type="METHOD" missed="1" covered="0"/></method><counter type="INSTRUCTION" missed="6" covered="0"/><counter type="LINE" missed="1" covered="0"/><counter type="COMPLEXITY" missed="1" covered="0"/><counter type="METHOD" missed="1" covered="0"/><counter type="CLASS" missed="1" covered="0"/></class><class name="picocli/CommandLine$DuplicateNameException" sourcefilename="CommandLine.java"><method name="&lt;init&gt;" desc="(Ljava/lang/String;)V" line="18687"><counter type="INSTRUCTION" missed="4" covered="0"/><counter type="LINE" missed="1" covered="0"/><counter type="COMPLEXITY" missed="1" covered="0"/><counter type="METHOD" missed="1" covered="0"/></method><counter type="INSTRUCTION" missed="4" covered="0"/><counter type="LINE" missed="1" covered="0"/><counter type="COMPLEXITY" missed="1" covered="0"/><counter type="METHOD" missed="1" covered="0"/><counter type="CLASS" missed="1" covered="0"/></class><class name="picocli/CommandLine$NoDefaultProvider" sourcefilename="CommandLine.java"><method name="defaultValue" desc="(Lpicocli/CommandLine$Model$ArgSpec;)Ljava/lang/String;" line="5105"><counter type="INSTRUCTION" missed="4" covered="0"/><counter type="LINE" missed="1" covered="0"/><counter type="COMPLEXITY" missed="1" covered="0"/><counter type="METHOD" missed="1" covered="0"/></method><counter type="INSTRUCTION" missed="4" covered="0"/><counter type="LINE" missed="1" covered="0"/><counter type="COMPLEXITY" missed="1" covered="0"/><counter type="METHOD" missed="1" covered="0"/><counter type="CLASS" missed="1" covered="0"/></class><class name="picocli/CommandLine$Model$OptionSpec" sourcefilename="CommandLine.java"><method name="builder" desc="(Ljava/lang/String;[Ljava/lang/String;)Lpicocli/CommandLine$Model$OptionSpec$Builder;" line="9990"><counter type="INSTRUCTION" missed="28" covered="0"/><counter type="LINE" missed="4" covered="0"/><counter type="COMPLEXITY" missed="1" covered="0"/><counter type="METHOD" missed="1" covered="0"/></method><method name="builder" desc="([Ljava/lang/String;)Lpicocli/CommandLine$Model$OptionSpec$Builder;" line="9995"><counter type="INSTRUCTION" missed="5" covered="0"/><counter type="LINE" missed="1" covered="0"/><counter type="COMPLEXITY" missed="1" covered="0"/><counter type="METHOD" missed="1" covered="0"/></method><method name="builder" desc="(Lpicocli/CommandLine$Model$IAnnotatedElement;Lpicocli/CommandLine$IFactory;)Lpicocli/CommandLine$Model$OptionSpec$Builder;" line="9996"><counter type="INSTRUCTION" missed="6" covered="0"/><counter type="LINE" missed="1" covered="0"/><counter type="COMPLEXITY" missed="1" covered="0"/><counter type="METHOD" missed="1" covered="0"/></method><method name="builder" desc="(Lpicocli/CommandLine$Model$OptionSpec;)Lpicocli/CommandLine$Model$OptionSpec$Builder;" line="9999"><counter type="INSTRUCTION" missed="5" covered="0"/><counter type="LINE" missed="1" covered="0"/><counter type="COMPLEXITY" missed="1" covered="0"/><counter type="METHOD" missed="1" covered="0"/></method><method name="&lt;init&gt;" desc="(Lpicocli/CommandLine$Model$OptionSpec$Builder;)V" line="10003"><counter type="INSTRUCTION" missed="72" covered="0"/><counter type="BRANCH" missed="8" covered="0"/><counter type="LINE" missed="15" covered="0"/><counter type="COMPLEXITY" missed="5" covered="0"/><counter type="METHOD" missed="1" covered="0"/></method><method name="toBuilder" desc="()Lpicocli/CommandLine$Model$OptionSpec$Builder;" line="10030"><counter type="INSTRUCTION" missed="5" covered="0"/><counter type="LINE" missed="1" covered="0"/><counter type="COMPLEXITY" missed="1" covered="0"/><counter type="METHOD" missed="1" covered="0"/></method><method name="isOption" desc="()Z" line="10031"><counter type="INSTRUCTION" missed="2" covered="0"/><counter type="LINE" missed="1" covered="0"/><counter type="COMPLEXITY" missed="1" covered="0"/><counter type="METHOD" missed="1" covered="0"/></method><method name="isPositional" desc="()Z" line="10032"><counter type="INSTRUCTION" missed="2" covered="0"/><counter type="LINE" missed="1" covered="0"/><counter type="COMPLEXITY" missed="1" covered="0"/><counter type="METHOD" missed="1" covered="0"/></method><method name="internalShowDefaultValue" desc="(Z)Z" line="10035"><counter type="INSTRUCTION" missed="17" covered="0"/><counter type="BRANCH" missed="8" covered="0"/><counter type="LINE" missed="1" covered="0"/><counter type="COMPLEXITY" missed="5" covered="0"/><counter type="METHOD" missed="1" covered="0"/></method><method name="getAdditionalDescriptionKeys" desc="()Ljava/util/Collection;" line="10042"><counter type="INSTRUCTION" missed="28" covered="0"/><counter type="BRANCH" missed="2" covered="0"/><counter type="LINE" missed="3" covered="0"/><counter type="COMPLEXITY" missed="2" covered="0"/><counter type="METHOD" missed="1" covered="0"/></method><method name="names" desc="()[Ljava/lang/String;" line="10049"><counter type="INSTRUCTION" missed="7" covered="0"/><counter type="LINE" missed="1" covered="0"/><counter type="COMPLEXITY" missed="1" covered="0"/><counter type="METHOD" missed="1" covered="0"/></method><method name="longestName" desc="()Ljava/lang/String;" line="10052"><counter type="INSTRUCTION" missed="6" covered="0"/><counter type="LINE" missed="1" covered="0"/><counter type="COMPLEXITY" missed="1" covered="0"/><counter type="METHOD" missed="1" covered="0"/></method><method name="shortestName" desc="()Ljava/lang/String;" line="10056"><counter type="INSTRUCTION" missed="6" covered="0"/><counter type="LINE" missed="1" covered="0"/><counter type="COMPLEXITY" missed="1" covered="0"/><counter type="METHOD" missed="1" covered="0"/></method><method name="order" desc="()I" line="10063"><counter type="INSTRUCTION" missed="3" covered="0"/><counter type="LINE" missed="1" covered="0"/><counter type="COMPLEXITY" missed="1" covered="0"/><counter type="METHOD" missed="1" covered="0"/></method><method name="help" desc="()Z" line="10068"><counter type="INSTRUCTION" missed="3" covered="0"/><counter type="LINE" missed="1" covered="0"/><counter type="COMPLEXITY" missed="1" covered="0"/><counter type="METHOD" missed="1" covered="0"/></method><method name="usageHelp" desc="()Z" line="10072"><counter type="INSTRUCTION" missed="3" covered="0"/><counter type="LINE" missed="1" covered="0"/><counter type="COMPLEXITY" missed="1" covered="0"/><counter type="METHOD" missed="1" covered="0"/></method><method name="versionHelp" desc="()Z" line="10076"><counter type="INSTRUCTION" missed="3" covered="0"/><counter type="LINE" missed="1" covered="0"/><counter type="COMPLEXITY" missed="1" covered="0"/><counter type="METHOD" missed="1" covered="0"/></method><method name="negatable" desc="()Z" line="10081"><counter type="INSTRUCTION" missed="3" covered="0"/><counter type="LINE" missed="1" covered="0"/><counter type="COMPLEXITY" missed="1" covered="0"/><counter type="METHOD" missed="1" covered="0"/></method><method name="fallbackValue" desc="()Ljava/lang/String;" line="10090"><counter type="INSTRUCTION" missed="5" covered="0"/><counter type="LINE" missed="1" covered="0"/><counter type="COMPLEXITY" missed="1" covered="0"/><counter type="METHOD" missed="1" covered="0"/></method><method name="equals" desc="(Ljava/lang/Object;)Z" line="10094"><counter type="INSTRUCTION" missed="66" covered="0"/><counter type="BRANCH" missed="20" covered="0"/><counter type="LINE" missed="6" covered="0"/><counter type="COMPLEXITY" missed="11" covered="0"/><counter type="METHOD" missed="1" covered="0"/></method><method name="hashCode" desc="()I" line="10107"><counter type="INSTRUCTION" missed="44" covered="0"/><counter type="LINE" missed="7" covered="0"/><counter type="COMPLEXITY" missed="1" covered="0"/><counter type="METHOD" missed="1" covered="0"/></method><counter type="INSTRUCTION" missed="319" covered="0"/><counter type="BRANCH" missed="38" covered="0"/><counter type="LINE" missed="51" covered="0"/><counter type="COMPLEXITY" missed="40" covered="0"/><counter type="METHOD" missed="21" covered="0"/><counter type="CLASS" missed="1" covered="0"/></class><class name="picocli/CommandLine$Help$DefaultParamLabelRenderer" sourcefilename="CommandLine.java"><method name="&lt;init&gt;" desc="(Lpicocli/CommandLine$Model$CommandSpec;)V" line="16862"><counter type="INSTRUCTION" missed="9" covered="0"/><counter type="LINE" missed="3" covered="0"/><counter type="COMPLEXITY" missed="1" covered="0"/><counter type="METHOD" missed="1" covered="0"/></method><method name="separator" desc="()Ljava/lang/String;" line="16865"><counter type="INSTRUCTION" missed="5" covered="0"/><counter type="LINE" missed="1" covered="0"/><counter type="COMPLEXITY" missed="1" covered="0"/><counter type="METHOD" missed="1" covered="0"/></method><method name="renderParameterLabel" desc="(Lpicocli/CommandLine$Model$ArgSpec;Lpicocli/CommandLine$Help$Ansi;Ljava/util/List;)Lpicocli/CommandLine$Help$Ansi$Text;" line="16867"><counter type="INSTRUCTION" missed="288" covered="0"/><counter type="BRANCH" missed="60" covered="0"/><counter type="LINE" missed="44" covered="0"/><counter type="COMPLEXITY" missed="31" covered="0"/><counter type="METHOD" missed="1" covered="0"/></method><counter type="INSTRUCTION" missed="302" covered="0"/><counter type="BRANCH" missed="60" covered="0"/><counter type="LINE" missed="48" covered="0"/><counter type="COMPLEXITY" missed="33" covered="0"/><counter type="METHOD" missed="3" covered="0"/><counter type="CLASS" missed="1" covered="0"/></class><class name="picocli/CommandLine$IHelpSectionRenderer" sourcefilename="CommandLine.java"/><class name="picocli/CommandLine$RegexTransformer$Builder" sourcefilename="CommandLine.java"><method name="&lt;init&gt;" desc="()V" line="5463"><counter type="INSTRUCTION" missed="13" covered="0"/><counter type="LINE" missed="3" covered="0"/><counter type="COMPLEXITY" missed="1" covered="0"/><counter type="METHOD" missed="1" covered="0"/></method><method name="&lt;init&gt;" desc="(Lpicocli/CommandLine$RegexTransformer;)V" line="5463"><counter type="INSTRUCTION" missed="23" covered="0"/><counter type="LINE" missed="6" covered="0"/><counter type="COMPLEXITY" missed="1" covered="0"/><counter type="METHOD" missed="1" covered="0"/></method><method name="addPattern" desc="(Ljava/lang/String;Ljava/lang/String;Ljava/lang/String;)Lpicocli/CommandLine$RegexTransformer$Builder;" line="5503"><counter type="INSTRUCTION" missed="17" covered="0"/><counter type="LINE" missed="4" covered="0"/><counter type="COMPLEXITY" missed="1" covered="0"/><counter type="METHOD" missed="1" covered="0"/></method><method name="removePattern" desc="(Ljava/lang/String;)Lpicocli/CommandLine$RegexTransformer$Builder;" line="5514"><counter type="INSTRUCTION" missed="27" covered="0"/><counter type="BRANCH" missed="4" covered="0"/><counter type="LINE" missed="7" covered="0"/><counter type="COMPLEXITY" missed="3" covered="0"/><counter type="METHOD" missed="1" covered="0"/></method><method name="build" desc="()Lpicocli/CommandLine$RegexTransformer;" line="5524"><counter type="INSTRUCTION" missed="5" covered="0"/><counter type="LINE" missed="1" covered="0"/><counter type="COMPLEXITY" missed="1" covered="0"/><counter type="METHOD" missed="1" covered="0"/></method><counter type="INSTRUCTION" missed="85" covered="0"/><counter type="BRANCH" missed="4" covered="0"/><counter type="LINE" missed="19" covered="0"/><counter type="COMPLEXITY" missed="7" covered="0"/><counter type="METHOD" missed="5" covered="0"/><counter type="CLASS" missed="1" covered="0"/></class><class name="picocli/CommandLine$UseDefaultConverter" sourcefilename="CommandLine.java"><method name="&lt;init&gt;" desc="()V" line="5042"><counter type="INSTRUCTION" missed="3" covered="0"/><counter type="LINE" missed="1" covered="0"/><counter type="COMPLEXITY" missed="1" covered="0"/><counter type="METHOD" missed="1" covered="0"/></method><method name="convert" desc="(Ljava/lang/String;)Ljava/lang/Object;" line="5046"><counter type="INSTRUCTION" missed="5" covered="0"/><counter type="LINE" missed="1" covered="0"/><counter type="COMPLEXITY" missed="1" covered="0"/><counter type="METHOD" missed="1" covered="0"/></method><counter type="INSTRUCTION" missed="8" covered="0"/><counter type="LINE" missed="2" covered="0"/><counter type="COMPLEXITY" missed="2" covered="0"/><counter type="METHOD" missed="2" covered="0"/><counter type="CLASS" missed="1" covered="0"/></class><class name="picocli/CommandLine$Model$ParserSpec" sourcefilename="CommandLine.java"><method name="&lt;init&gt;" desc="()V" line="8526"><counter type="INSTRUCTION" missed="71" covered="0"/><counter type="LINE" missed="23" covered="0"/><counter type="COMPLEXITY" missed="1" covered="0"/><counter type="METHOD" missed="1" covered="0"/></method><method name="separator" desc="()Ljava/lang/String;" line="8557"><counter type="INSTRUCTION" missed="8" covered="0"/><counter type="BRANCH" missed="2" covered="0"/><counter type="LINE" missed="1" covered="0"/><counter type="COMPLEXITY" missed="2" covered="0"/><counter type="METHOD" missed="1" covered="0"/></method><method name="stopAtUnmatched" desc="()Z" line="8560"><counter type="INSTRUCTION" missed="3" covered="0"/><counter type="LINE" missed="1" covered="0"/><counter type="COMPLEXITY" missed="1" covered="0"/><counter type="METHOD" missed="1" covered="0"/></method><method name="stopAtPositional" desc="()Z" line="8562"><counter type="INSTRUCTION" missed="3" covered="0"/><counter type="LINE" missed="1" covered="0"/><counter type="COMPLEXITY" missed="1" covered="0"/><counter type="METHOD" missed="1" covered="0"/></method><method name="endOfOptionsDelimiter" desc="()Ljava/lang/String;" line="8565"><counter type="INSTRUCTION" missed="3" covered="0"/><counter type="LINE" missed="1" covered="0"/><counter type="COMPLEXITY" missed="1" covered="0"/><counter type="METHOD" missed="1" covered="0"/></method><method name="toggleBooleanFlags" desc="()Z" line="8567"><counter type="INSTRUCTION" missed="3" covered="0"/><counter type="LINE" missed="1" covered="0"/><counter type="COMPLEXITY" missed="1" covered="0"/><counter type="METHOD" missed="1" covered="0"/></method><method name="overwrittenOptionsAllowed" desc="()Z" line="8569"><counter type="INSTRUCTION" missed="3" covered="0"/><counter type="LINE" missed="1" covered="0"/><counter type="COMPLEXITY" missed="1" covered="0"/><counter type="METHOD" missed="1" covered="0"/></method><method name="unmatchedArgumentsAllowed" desc="()Z" line="8571"><counter type="INSTRUCTION" missed="3" covered="0"/><counter type="LINE" missed="1" covered="0"/><counter type="COMPLEXITY" missed="1" covered="0"/><counter type="METHOD" missed="1" covered="0"/></method><method name="abbreviatedSubcommandsAllowed" desc="()Z" line="8573"><counter type="INSTRUCTION" missed="3" covered="0"/><counter type="LINE" missed="1" covered="0"/><counter type="COMPLEXITY" missed="1" covered="0"/><counter type="METHOD" missed="1" covered="0"/></method><method name="abbreviatedOptionsAllowed" desc="()Z" line="8575"><counter type="INSTRUCTION" missed="3" covered="0"/><counter type="LINE" missed="1" covered="0"/><counter type="COMPLEXITY" missed="1" covered="0"/><counter type="METHOD" missed="1" covered="0"/></method><method name="expandAtFiles" desc="()Z" line="8577"><counter type="INSTRUCTION" missed="3" covered="0"/><counter type="LINE" missed="1" covered="0"/><counter type="COMPLEXITY" missed="1" covered="0"/><counter type="METHOD" missed="1" covered="0"/></method><method name="atFileCommentChar" desc="()Ljava/lang/Character;" line="8580"><counter type="INSTRUCTION" missed="3" covered="0"/><counter type="LINE" missed="1" covered="0"/><counter type="COMPLEXITY" missed="1" covered="0"/><counter type="METHOD" missed="1" covered="0"/></method><method name="useSimplifiedAtFiles" desc="()Z" line="8584"><counter type="INSTRUCTION" missed="19" covered="0"/><counter type="BRANCH" missed="6" covered="0"/><counter type="LINE" missed="4" covered="0"/><counter type="COMPLEXITY" missed="4" covered="0"/><counter type="METHOD" missed="1" covered="0"/></method><method name="posixClusteredShortOptionsAllowed" desc="()Z" line="8591"><counter type="INSTRUCTION" missed="3" covered="0"/><counter type="LINE" missed="1" covered="0"/><counter type="COMPLEXITY" missed="1" covered="0"/><counter type="METHOD" missed="1" covered="0"/></method><method name="caseInsensitiveEnumValuesAllowed" desc="()Z" line="8594"><counter type="INSTRUCTION" missed="3" covered="0"/><counter type="LINE" missed="1" covered="0"/><counter type="COMPLEXITY" missed="1" covered="0"/><counter type="METHOD" missed="1" covered="0"/></method><method name="trimQuotes" desc="()Z" line="8597"><counter type="INSTRUCTION" missed="3" covered="0"/><counter type="LINE" missed="1" covered="0"/><counter type="COMPLEXITY" missed="1" covered="0"/><counter type="METHOD" missed="1" covered="0"/></method><method name="splitQuotedStrings" desc="()Z" line="8600"><counter type="INSTRUCTION" missed="3" covered="0"/><counter type="LINE" missed="1" covered="0"/><counter type="COMPLEXITY" missed="1" covered="0"/><counter type="METHOD" missed="1" covered="0"/></method><method name="unmatchedOptionsArePositionalParams" desc="()Z" line="8602"><counter type="INSTRUCTION" missed="3" covered="0"/><counter type="LINE" missed="1" covered="0"/><counter type="COMPLEXITY" missed="1" covered="0"/><counter type="METHOD" missed="1" covered="0"/></method><method name="unmatchedOptionsAllowedAsOptionParameters" desc="()Z" line="8606"><counter type="INSTRUCTION" missed="3" covered="0"/><counter type="LINE" missed="1" covered="0"/><counter type="COMPLEXITY" missed="1" covered="0"/><counter type="METHOD" missed="1" covered="0"/></method><method name="allowSubcommandsAsOptionParameters" desc="()Z" line="8610"><counter type="INSTRUCTION" missed="3" covered="0"/><counter type="LINE" missed="1" covered="0"/><counter type="COMPLEXITY" missed="1" covered="0"/><counter type="METHOD" missed="1" covered="0"/></method><method name="allowOptionsAsOptionParameters" desc="()Z" line="8614"><counter type="INSTRUCTION" missed="3" covered="0"/><counter type="LINE" missed="1" covered="0"/><counter type="COMPLEXITY" missed="1" covered="0"/><counter type="METHOD" missed="1" covered="0"/></method><method name="splitFirst" desc="()Z" line="8615"><counter type="INSTRUCTION" missed="3" covered="0"/><counter type="LINE" missed="1" covered="0"/><counter type="COMPLEXITY" missed="1" covered="0"/><counter type="METHOD" missed="1" covered="0"/></method><method name="limitSplit" desc="()Z" line="8618"><counter type="INSTRUCTION" missed="3" covered="0"/><counter type="LINE" missed="1" covered="0"/><counter type="COMPLEXITY" missed="1" covered="0"/><counter type="METHOD" missed="1" covered="0"/></method><method name="aritySatisfiedByAttachedOptionParam" desc="()Z" line="8620"><counter type="INSTRUCTION" missed="3" covered="0"/><counter type="LINE" missed="1" covered="0"/><counter type="COMPLEXITY" missed="1" covered="0"/><counter type="METHOD" missed="1" covered="0"/></method><method name="collectErrors" desc="()Z" line="8624"><counter type="INSTRUCTION" missed="3" covered="0"/><counter type="LINE" missed="1" covered="0"/><counter type="COMPLEXITY" missed="1" covered="0"/><counter type="METHOD" missed="1" covered="0"/></method><method name="separator" desc="(Ljava/lang/String;)Lpicocli/CommandLine$Model$ParserSpec;" line="8628"><counter type="INSTRUCTION" missed="5" covered="0"/><counter type="LINE" missed="1" covered="0"/><counter type="COMPLEXITY" missed="1" covered="0"/><counter type="METHOD" missed="1" covered="0"/></method><method name="stopAtUnmatched" desc="(Z)Lpicocli/CommandLine$Model$ParserSpec;" line="8630"><counter type="INSTRUCTION" missed="5" covered="0"/><counter type="LINE" missed="1" covered="0"/><counter type="COMPLEXITY" missed="1" covered="0"/><counter type="METHOD" missed="1" covered="0"/></method><method name="stopAtPositional" desc="(Z)Lpicocli/CommandLine$Model$ParserSpec;" line="8632"><counter type="INSTRUCTION" missed="5" covered="0"/><counter type="LINE" missed="1" covered="0"/><counter type="COMPLEXITY" missed="1" covered="0"/><counter type="METHOD" missed="1" covered="0"/></method><method name="endOfOptionsDelimiter" desc="(Ljava/lang/String;)Lpicocli/CommandLine$Model$ParserSpec;" line="8635"><counter type="INSTRUCTION" missed="8" covered="0"/><counter type="LINE" missed="1" covered="0"/><counter type="COMPLEXITY" missed="1" covered="0"/><counter type="METHOD" missed="1" covered="0"/></method><method name="toggleBooleanFlags" desc="(Z)Lpicocli/CommandLine$Model$ParserSpec;" line="8637"><counter type="INSTRUCTION" missed="5" covered="0"/><counter type="LINE" missed="1" covered="0"/><counter type="COMPLEXITY" missed="1" covered="0"/><counter type="METHOD" missed="1" covered="0"/></method><method name="overwrittenOptionsAllowed" desc="(Z)Lpicocli/CommandLine$Model$ParserSpec;" line="8639"><counter type="INSTRUCTION" missed="5" covered="0"/><counter type="LINE" missed="1" covered="0"/><counter type="COMPLEXITY" missed="1" covered="0"/><counter type="METHOD" missed="1" covered="0"/></method><method name="unmatchedArgumentsAllowed" desc="(Z)Lpicocli/CommandLine$Model$ParserSpec;" line="8641"><counter type="INSTRUCTION" missed="5" covered="0"/><counter type="LINE" missed="1" covered="0"/><counter type="COMPLEXITY" missed="1" covered="0"/><counter type="METHOD" missed="1" covered="0"/></method><method name="abbreviatedSubcommandsAllowed" desc="(Z)Lpicocli/CommandLine$Model$ParserSpec;" line="8643"><counter type="INSTRUCTION" missed="5" covered="0"/><counter type="LINE" missed="1" covered="0"/><counter type="COMPLEXITY" missed="1" covered="0"/><counter type="METHOD" missed="1" covered="0"/></method><method name="abbreviatedOptionsAllowed" desc="(Z)Lpicocli/CommandLine$Model$ParserSpec;" line="8645"><counter type="INSTRUCTION" missed="5" covered="0"/><counter type="LINE" missed="1" covered="0"/><counter type="COMPLEXITY" missed="1" covered="0"/><counter type="METHOD" missed="1" covered="0"/></method><method name="expandAtFiles" desc="(Z)Lpicocli/CommandLine$Model$ParserSpec;" line="8647"><counter type="INSTRUCTION" missed="5" covered="0"/><counter type="LINE" missed="1" covered="0"/><counter type="COMPLEXITY" missed="1" covered="0"/><counter type="METHOD" missed="1" covered="0"/></method><method name="atFileCommentChar" desc="(Ljava/lang/Character;)Lpicocli/CommandLine$Model$ParserSpec;" line="8650"><counter type="INSTRUCTION" missed="5" covered="0"/><counter type="LINE" missed="1" covered="0"/><counter type="COMPLEXITY" missed="1" covered="0"/><counter type="METHOD" missed="1" covered="0"/></method><method name="useSimplifiedAtFiles" desc="(Z)Lpicocli/CommandLine$Model$ParserSpec;" line="8653"><counter type="INSTRUCTION" missed="5" covered="0"/><counter type="LINE" missed="1" covered="0"/><counter type="COMPLEXITY" missed="1" covered="0"/><counter type="METHOD" missed="1" covered="0"/></method><method name="posixClusteredShortOptionsAllowed" desc="(Z)Lpicocli/CommandLine$Model$ParserSpec;" line="8655"><counter type="INSTRUCTION" missed="5" covered="0"/><counter type="LINE" missed="1" covered="0"/><counter type="COMPLEXITY" missed="1" covered="0"/><counter type="METHOD" missed="1" covered="0"/></method><method name="caseInsensitiveEnumValuesAllowed" desc="(Z)Lpicocli/CommandLine$Model$ParserSpec;" line="8658"><counter type="INSTRUCTION" missed="5" covered="0"/><counter type="LINE" missed="1" covered="0"/><counter type="COMPLEXITY" missed="1" covered="0"/><counter type="METHOD" missed="1" covered="0"/></method><method name="trimQuotes" desc="(Z)Lpicocli/CommandLine$Model$ParserSpec;" line="8661"><counter type="INSTRUCTION" missed="5" covered="0"/><counter type="LINE" missed="1" covered="0"/><counter type="COMPLEXITY" missed="1" covered="0"/><counter type="METHOD" missed="1" covered="0"/></method><method name="splitQuotedStrings" desc="(Z)Lpicocli/CommandLine$Model$ParserSpec;" line="8664"><counter type="INSTRUCTION" missed="5" covered="0"/><counter type="LINE" missed="1" covered="0"/><counter type="COMPLEXITY" missed="1" covered="0"/><counter type="METHOD" missed="1" covered="0"/></method><method name="unmatchedOptionsAllowedAsOptionParameters" desc="(Z)Lpicocli/CommandLine$Model$ParserSpec;" line="8668"><counter type="INSTRUCTION" missed="5" covered="0"/><counter type="LINE" missed="1" covered="0"/><counter type="COMPLEXITY" missed="1" covered="0"/><counter type="METHOD" missed="1" covered="0"/></method><method name="unmatchedOptionsArePositionalParams" desc="(Z)Lpicocli/CommandLine$Model$ParserSpec;" line="8670"><counter type="INSTRUCTION" missed="5" covered="0"/><counter type="LINE" missed="1" covered="0"/><counter type="COMPLEXITY" missed="1" covered="0"/><counter type="METHOD" missed="1" covered="0"/></method><method name="allowSubcommandsAsOptionParameters" desc="(Z)Lpicocli/CommandLine$Model$ParserSpec;" line="8674"><counter type="INSTRUCTION" missed="5" covered="0"/><counter type="LINE" missed="1" covered="0"/><counter type="COMPLEXITY" missed="1" covered="0"/><counter type="METHOD" missed="1" covered="0"/></method><method name="allowOptionsAsOptionParameters" desc="(Z)Lpicocli/CommandLine$Model$ParserSpec;" line="8678"><counter type="INSTRUCTION" missed="5" covered="0"/><counter type="LINE" missed="1" covered="0"/><counter type="COMPLEXITY" missed="1" covered="0"/><counter type="METHOD" missed="1" covered="0"/></method><method name="collectErrors" desc="(Z)Lpicocli/CommandLine$Model$ParserSpec;" line="8682"><counter type="INSTRUCTION" missed="5" covered="0"/><counter type="LINE" missed="1" covered="0"/><counter type="COMPLEXITY" missed="1" covered="0"/><counter type="METHOD" missed="1" covered="0"/></method><method name="aritySatisfiedByAttachedOptionParam" desc="(Z)Lpicocli/CommandLine$Model$ParserSpec;" line="8685"><counter type="INSTRUCTION" missed="5" covered="0"/><counter type="LINE" missed="1" covered="0"/><counter type="COMPLEXITY" missed="1" covered="0"/><counter type="METHOD" missed="1" covered="0"/></method><method name="limitSplit" desc="(Z)Lpicocli/CommandLine$Model$ParserSpec;" line="8689"><counter type="INSTRUCTION" missed="5" covered="0"/><counter type="LINE" missed="1" covered="0"/><counter type="COMPLEXITY" missed="1" covered="0"/><counter type="METHOD" missed="1" covered="0"/></method><method name="shouldTrimQuotes" desc="()Z" line="8692"><counter type="INSTRUCTION" missed="12" covered="0"/><counter type="BRANCH" missed="2" covered="0"/><counter type="LINE" missed="3" covered="0"/><counter type="COMPLEXITY" missed="2" covered="0"/><counter type="METHOD" missed="1" covered="0"/></method><method name="initSeparator" desc="(Ljava/lang/String;)V" line="8697"><counter type="INSTRUCTION" missed="10" covered="0"/><counter type="BRANCH" missed="2" covered="0"/><counter type="LINE" missed="1" covered="0"/><counter type="COMPLEXITY" missed="2" covered="0"/><counter type="METHOD" missed="1" covered="0"/></method><method name="updateSeparator" desc="(Ljava/lang/String;)V" line="8698"><counter type="INSTRUCTION" missed="8" covered="0"/><counter type="BRANCH" missed="2" covered="0"/><counter type="LINE" missed="1" covered="0"/><counter type="COMPLEXITY" missed="2" covered="0"/><counter type="METHOD" missed="1" covered="0"/></method><method name="toString" desc="()Ljava/lang/String;" line="8700"><counter type="INSTRUCTION" missed="140" covered="0"/><counter type="LINE" missed="8" covered="0"/><counter type="COMPLEXITY" missed="1" covered="0"/><counter type="METHOD" missed="1" covered="0"/></method><method name="initFrom" desc="(Lpicocli/CommandLine$Model$ParserSpec;)V" line="8717"><counter type="INSTRUCTION" missed="93" covered="0"/><counter type="LINE" missed="24" covered="0"/><counter type="COMPLEXITY" missed="1" covered="0"/><counter type="METHOD" missed="1" covered="0"/></method><counter type="INSTRUCTION" missed="545" covered="0"/><counter type="BRANCH" missed="14" covered="0"/><counter type="LINE" missed="110" covered="0"/><counter type="COMPLEXITY" missed="60" covered="0"/><counter type="METHOD" missed="53" covered="0"/><counter type="CLASS" missed="1" covered="0"/></class><class name="picocli/CommandLine$BuiltIn$URLConverter" sourcefilename="CommandLine.java"><method name="&lt;init&gt;" desc="()V" line="15176"><counter type="INSTRUCTION" missed="3" covered="0"/><counter type="LINE" missed="1" covered="0"/><counter type="COMPLEXITY" missed="1" covered="0"/><counter type="METHOD" missed="1" covered="0"/></method><method name="convert" desc="(Ljava/lang/String;)Ljava/net/URL;" line="15177"><counter type="INSTRUCTION" missed="5" covered="0"/><counter type="LINE" missed="1" covered="0"/><counter type="COMPLEXITY" missed="1" covered="0"/><counter type="METHOD" missed="1" covered="0"/></method><counter type="INSTRUCTION" missed="8" covered="0"/><counter type="LINE" missed="2" covered="0"/><counter type="COMPLEXITY" missed="2" covered="0"/><counter type="METHOD" missed="2" covered="0"/><counter type="CLASS" missed="1" covered="0"/></class><class name="picocli/CommandLine$IVersionProvider" sourcefilename="CommandLine.java"/><class name="picocli/CommandLine$Model$IScoped" sourcefilename="CommandLine.java"/><class name="picocli/CommandLine$ExecutionException" sourcefilename="CommandLine.java"><method name="&lt;init&gt;" desc="(Lpicocli/CommandLine;Ljava/lang/String;)V" line="18558"><counter type="INSTRUCTION" missed="10" covered="0"/><counter type="LINE" missed="3" covered="0"/><counter type="COMPLEXITY" missed="1" covered="0"/><counter type="METHOD" missed="1" covered="0"/></method><method name="&lt;init&gt;" desc="(Lpicocli/CommandLine;Ljava/lang/String;Ljava/lang/Throwable;)V" line="18562"><counter type="INSTRUCTION" missed="11" covered="0"/><counter type="LINE" missed="3" covered="0"/><counter type="COMPLEXITY" missed="1" covered="0"/><counter type="METHOD" missed="1" covered="0"/></method><method name="getCommandLine" desc="()Lpicocli/CommandLine;" line="18568"><counter type="INSTRUCTION" missed="3" covered="0"/><counter type="LINE" missed="1" covered="0"/><counter type="COMPLEXITY" missed="1" covered="0"/><counter type="METHOD" missed="1" covered="0"/></method><counter type="INSTRUCTION" missed="24" covered="0"/><counter type="LINE" missed="7" covered="0"/><counter type="COMPLEXITY" missed="3" covered="0"/><counter type="METHOD" missed="3" covered="0"/><counter type="CLASS" missed="1" covered="0"/></class><class name="picocli/CommandLine$Spec" sourcefilename="CommandLine.java"/><class name="picocli/CommandLine$Interpreter" sourcefilename="CommandLine.java"><method name="&lt;init&gt;" desc="(Lpicocli/CommandLine;)V" line="13357"><counter type="INSTRUCTION" missed="13" covered="0"/><counter type="LINE" missed="2" covered="0"/><counter type="COMPLEXITY" missed="1" covered="0"/><counter type="METHOD" missed="1" covered="0"/></method><method name="registerBuiltInConverters" desc="()V" line="13367"><counter type="INSTRUCTION" missed="844" covered="0"/><counter type="BRANCH" missed="38" covered="0"/><counter type="LINE" missed="56" covered="0"/><counter type="COMPLEXITY" missed="20" covered="0"/><counter type="METHOD" missed="1" covered="0"/></method><method name="excl" desc="(Ljava/lang/String;)Z" line="13429"><counter type="INSTRUCTION" missed="3" covered="0"/><counter type="LINE" missed="1" covered="0"/><counter type="COMPLEXITY" missed="1" covered="0"/><counter type="METHOD" missed="1" covered="0"/></method><method name="reg" desc="(Ljava/lang/Class;Ljava/lang/reflect/Method;[Ljava/lang/Class;)V" line="13431"><counter type="INSTRUCTION" missed="11" covered="0"/><counter type="LINE" missed="2" covered="0"/><counter type="COMPLEXITY" missed="1" covered="0"/><counter type="METHOD" missed="1" covered="0"/></method><method name="reg" desc="(Ljava/lang/Class;Lpicocli/CommandLine$BuiltIn$ISO8601TimeConverter;)V" line="13434"><counter type="INSTRUCTION" missed="7" covered="0"/><counter type="LINE" missed="2" covered="0"/><counter type="COMPLEXITY" missed="1" covered="0"/><counter type="METHOD" missed="1" covered="0"/></method><method name="config" desc="()Lpicocli/CommandLine$Model$ParserSpec;" line="13436"><counter type="INSTRUCTION" missed="5" covered="0"/><counter type="LINE" missed="1" covered="0"/><counter type="COMPLEXITY" missed="1" covered="0"/><counter type="METHOD" missed="1" covered="0"/></method><method name="parse" desc="([Ljava/lang/String;)Ljava/util/List;" line="13444"><counter type="INSTRUCTION" missed="191" covered="0"/><counter type="BRANCH" missed="12" covered="0"/><counter type="LINE" missed="18" covered="0"/><counter type="COMPLEXITY" missed="7" covered="0"/><counter type="METHOD" missed="1" covered="0"/></method><method name="addOrExpand" desc="(Ljava/lang/String;Ljava/util/List;Ljava/util/Set;)V" line="13465"><counter type="INSTRUCTION" missed="58" covered="0"/><counter type="BRANCH" missed="12" covered="0"/><counter type="LINE" missed="10" covered="0"/><counter type="COMPLEXITY" missed="7" covered="0"/><counter type="METHOD" missed="1" covered="0"/></method><method name="expandArgumentFile" desc="(Ljava/lang/String;Ljava/util/List;Ljava/util/Set;)V" line="13479"><counter type="INSTRUCTION" missed="54" covered="0"/><counter type="BRANCH" missed="8" covered="0"/><counter type="LINE" missed="11" covered="0"/><counter type="COMPLEXITY" missed="5" covered="0"/><counter type="METHOD" missed="1" covered="0"/></method><method name="expandValidArgumentFile" desc="(Ljava/lang/String;Ljava/io/File;Ljava/util/List;Ljava/util/Set;)V" line="13493"><counter type="INSTRUCTION" missed="129" covered="0"/><counter type="BRANCH" missed="14" covered="0"/><counter type="LINE" missed="27" covered="0"/><counter type="COMPLEXITY" missed="8" covered="0"/><counter type="METHOD" missed="1" covered="0"/></method><method name="clear" desc="()V" line="13530"><counter type="INSTRUCTION" missed="88" covered="0"/><counter type="BRANCH" missed="8" covered="0"/><counter type="LINE" missed="10" covered="0"/><counter type="COMPLEXITY" missed="5" covered="0"/><counter type="METHOD" missed="1" covered="0"/></method><method name="clear" desc="(Lpicocli/CommandLine$Model$ArgSpec;)V" line="13541"><counter type="INSTRUCTION" missed="32" covered="0"/><counter type="BRANCH" missed="4" covered="0"/><counter type="LINE" missed="8" covered="0"/><counter type="COMPLEXITY" missed="3" covered="0"/><counter type="METHOD" missed="1" covered="0"/></method><method name="clear" desc="(Lpicocli/CommandLine$Model$ArgGroupSpec;)V" line="13552"><counter type="INSTRUCTION" missed="31" covered="0"/><counter type="BRANCH" missed="4" covered="0"/><counter type="LINE" missed="3" covered="0"/><counter type="COMPLEXITY" missed="3" covered="0"/><counter type="METHOD" missed="1" covered="0"/></method><method name="maybeThrow" desc="(Lpicocli/CommandLine$PicocliException;)V" line="13557"><counter type="INSTRUCTION" missed="14" covered="0"/><counter type="BRANCH" missed="2" covered="0"/><counter type="LINE" missed="4" covered="0"/><counter type="COMPLEXITY" missed="2" covered="0"/><counter type="METHOD" missed="1" covered="0"/></method><method name="parse" desc="(Ljava/util/List;Ljava/util/Stack;[Ljava/lang/String;Ljava/util/List;Ljava/util/Collection;)V" line="13565"><counter type="INSTRUCTION" missed="11" covered="0"/><counter type="LINE" missed="2" covered="0"/><counter type="COMPLEXITY" missed="1" covered="0"/><counter type="METHOD" missed="1" covered="0"/></method><method name="parse" desc="(Ljava/util/List;Ljava/util/Stack;[Ljava/lang/String;Ljava/util/List;Ljava/util/Collection;Ljava/util/Set;)V" line="13569"><counter type="INSTRUCTION" missed="254" covered="0"/><counter type="BRANCH" missed="22" covered="0"/><counter type="LINE" missed="42" covered="0"/><counter type="COMPLEXITY" missed="12" covered="0"/><counter type="METHOD" missed="1" covered="0"/></method><method name="addPostponedRequiredArgs" desc="(Ljava/util/Collection;Ljava/util/List;)V" line="13625"><counter type="INSTRUCTION" missed="122" covered="0"/><counter type="BRANCH" missed="28" covered="0"/><counter type="LINE" missed="23" covered="0"/><counter type="COMPLEXITY" missed="15" covered="0"/><counter type="METHOD" missed="1" covered="0"/></method><method name="validateConstraints" desc="(Ljava/util/Stack;Ljava/util/List;Ljava/util/Set;)V" line="13653"><counter type="INSTRUCTION" missed="112" covered="0"/><counter type="BRANCH" missed="16" covered="0"/><counter type="LINE" missed="18" covered="0"/><counter type="COMPLEXITY" missed="9" covered="0"/><counter type="METHOD" missed="1" covered="0"/></method><method name="applyDefaultValues" desc="(Ljava/util/List;Ljava/util/Set;)V" line="13677"><counter type="INSTRUCTION" missed="95" covered="0"/><counter type="BRANCH" missed="12" covered="0"/><counter type="LINE" missed="14" covered="0"/><counter type="COMPLEXITY" missed="7" covered="0"/><counter type="METHOD" missed="1" covered="0"/></method><method name="applyGroupDefaults" desc="(Lpicocli/CommandLine$IDefaultValueProvider;Lpicocli/CommandLine$Model$ArgGroupSpec;Ljava/util/List;Ljava/util/Set;)V" line="13695"><counter type="INSTRUCTION" missed="76" covered="0"/><counter type="BRANCH" missed="12" covered="0"/><counter type="LINE" missed="12" covered="0"/><counter type="COMPLEXITY" missed="7" covered="0"/><counter type="METHOD" missed="1" covered="0"/></method><method name="applyDefault" desc="(Lpicocli/CommandLine$IDefaultValueProvider;Lpicocli/CommandLine$Model$ArgSpec;)Z" line="13714"><counter type="INSTRUCTION" missed="224" covered="0"/><counter type="BRANCH" missed="32" covered="0"/><counter type="LINE" missed="32" covered="0"/><counter type="COMPLEXITY" missed="17" covered="0"/><counter type="METHOD" missed="1" covered="0"/></method><method name="stack" desc="(Ljava/lang/String;)Ljava/util/Stack;" line="13755"><counter type="INSTRUCTION" missed="10" covered="0"/><counter type="LINE" missed="1" covered="0"/><counter type="COMPLEXITY" missed="1" covered="0"/><counter type="METHOD" missed="1" covered="0"/></method><method name="processArguments" desc="(Ljava/util/List;Ljava/util/Stack;Ljava/util/Collection;Ljava/util/Set;[Ljava/lang/String;Ljava/util/List;)V" line="13772"><counter type="INSTRUCTION" missed="544" covered="0"/><counter type="BRANCH" missed="62" covered="0"/><counter type="LINE" missed="86" covered="0"/><counter type="COMPLEXITY" missed="32" covered="0"/><counter type="METHOD" missed="1" covered="0"/></method><method name="processSubcommand" desc="(Lpicocli/CommandLine;Lpicocli/CommandLine$ParseResult$Builder;Ljava/util/List;Ljava/util/Stack;Ljava/util/Collection;Ljava/util/Set;[Ljava/lang/String;Ljava/util/List;Ljava/lang/String;Ljava/lang/String;)V" line="13893"><counter type="INSTRUCTION" missed="138" covered="0"/><counter type="BRANCH" missed="18" covered="0"/><counter type="LINE" missed="24" covered="0"/><counter type="COMPLEXITY" missed="10" covered="0"/><counter type="METHOD" missed="1" covered="0"/></method><method name="isStandaloneOption" desc="(Ljava/lang/String;)Z" line="13921"><counter type="INSTRUCTION" missed="18" covered="0"/><counter type="BRANCH" missed="4" covered="0"/><counter type="LINE" missed="1" covered="0"/><counter type="COMPLEXITY" missed="3" covered="0"/><counter type="METHOD" missed="1" covered="0"/></method><method name="handleUnmatchedArgument" desc="(Ljava/util/Stack;)V" line="13924"><counter type="INSTRUCTION" missed="26" covered="0"/><counter type="BRANCH" missed="4" covered="0"/><counter type="LINE" missed="4" covered="0"/><counter type="COMPLEXITY" missed="3" covered="0"/><counter type="METHOD" missed="1" covered="0"/></method><method name="processRemainderAsPositionalParameters" desc="(Ljava/util/Collection;Ljava/util/Set;Ljava/util/Stack;)V" line="13931"><counter type="INSTRUCTION" missed="11" covered="0"/><counter type="BRANCH" missed="2" covered="0"/><counter type="LINE" missed="3" covered="0"/><counter type="COMPLEXITY" missed="2" covered="0"/><counter type="METHOD" missed="1" covered="0"/></method><method name="processPositionalParameter" desc="(Ljava/util/Collection;Ljava/util/Set;ZLjava/util/Stack;)V" line="13936"><counter type="INSTRUCTION" missed="365" covered="0"/><counter type="BRANCH" missed="52" covered="0"/><counter type="LINE" missed="60" covered="0"/><counter type="COMPLEXITY" missed="27" covered="0"/><counter type="METHOD" missed="1" covered="0"/></method><method name="processStandaloneOption" desc="(Ljava/util/Collection;Ljava/util/Set;Ljava/lang/String;ZLjava/util/Stack;Lpicocli/CommandLine$LookBehind;)V" line="14039"><counter type="INSTRUCTION" missed="82" covered="0"/><counter type="BRANCH" missed="8" covered="0"/><counter type="LINE" missed="13" covered="0"/><counter type="COMPLEXITY" missed="5" covered="0"/><counter type="METHOD" missed="1" covered="0"/></method><method name="processClusteredShortOptions" desc="(Ljava/util/Collection;Ljava/util/Set;Ljava/lang/String;ZLjava/util/Stack;)V" line="14059"><counter type="INSTRUCTION" missed="302" covered="0"/><counter type="BRANCH" missed="42" covered="0"/><counter type="LINE" missed="55" covered="0"/><counter type="COMPLEXITY" missed="22" covered="0"/><counter type="METHOD" missed="1" covered="0"/></method><method name="applyOption" desc="(Lpicocli/CommandLine$Model$ArgSpec;ZLpicocli/CommandLine$LookBehind;ZLpicocli/CommandLine$Range;Ljava/util/Stack;Ljava/util/Set;Ljava/lang/String;)I" line="14144"><counter type="INSTRUCTION" missed="251" covered="0"/><counter type="BRANCH" missed="24" covered="0"/><counter type="LINE" missed="37" covered="0"/><counter type="COMPLEXITY" missed="13" covered="0"/><counter type="METHOD" missed="1" covered="0"/></method><method name="addToInitialized" desc="(Lpicocli/CommandLine$Model$ArgSpec;Ljava/util/Set;)V" line="14196"><counter type="INSTRUCTION" missed="14" covered="0"/><counter type="BRANCH" missed="2" covered="0"/><counter type="LINE" missed="5" covered="0"/><counter type="COMPLEXITY" missed="2" covered="0"/><counter type="METHOD" missed="1" covered="0"/></method><method name="applyValueToSingleValuedField" desc="(Lpicocli/CommandLine$Model$ArgSpec;ZLpicocli/CommandLine$LookBehind;ZLpicocli/CommandLine$Range;Ljava/util/Stack;Ljava/util/Set;Ljava/lang/String;)I" line="14211"><counter type="INSTRUCTION" missed="483" covered="0"/><counter type="BRANCH" missed="120" covered="0"/><counter type="LINE" missed="91" covered="0"/><counter type="COMPLEXITY" missed="61" covered="0"/><counter type="METHOD" missed="1" covered="0"/></method><method name="applyValuesToMapField" desc="(Lpicocli/CommandLine$Model$ArgSpec;Lpicocli/CommandLine$LookBehind;ZLpicocli/CommandLine$Range;Ljava/util/Stack;Ljava/util/Set;Ljava/lang/String;)I" line="14351"><counter type="INSTRUCTION" missed="98" covered="0"/><counter type="BRANCH" missed="6" covered="0"/><counter type="LINE" missed="14" covered="0"/><counter type="COMPLEXITY" missed="4" covered="0"/><counter type="METHOD" missed="1" covered="0"/></method><method name="consumeMapArguments" desc="(Lpicocli/CommandLine$Model$ArgSpec;Lpicocli/CommandLine$LookBehind;ZLpicocli/CommandLine$Range;Ljava/util/Stack;Ljava/util/Map;Ljava/lang/String;)V" line="14377"><counter type="INSTRUCTION" missed="231" covered="0"/><counter type="BRANCH" missed="32" covered="0"/><counter type="LINE" missed="36" covered="0"/><counter type="COMPLEXITY" missed="17" covered="0"/><counter type="METHOD" missed="1" covered="0"/></method><method name="consumeOneMapArgument" desc="(Lpicocli/CommandLine$Model$ArgSpec;Lpicocli/CommandLine$LookBehind;ZLpicocli/CommandLine$Range;ILjava/lang/String;[Ljava/lang/Class;Lpicocli/CommandLine$ITypeConverter;Lpicocli/CommandLine$ITypeConverter;Ljava/util/Map;ILjava/lang/String;)V" line="14434"><counter type="INSTRUCTION" missed="154" covered="0"/><counter type="BRANCH" missed="12" covered="0"/><counter type="LINE" missed="16" covered="0"/><counter type="COMPLEXITY" missed="7" covered="0"/><counter type="METHOD" missed="1" covered="0"/></method><method name="unquoteAndSplit" desc="(Lpicocli/CommandLine$Model$ArgSpec;Lpicocli/CommandLine$LookBehind;ZLpicocli/CommandLine$Range;ILjava/lang/String;)[Ljava/lang/String;" line="14453"><counter type="INSTRUCTION" missed="22" covered="0"/><counter type="BRANCH" missed="4" covered="0"/><counter type="LINE" missed="2" covered="0"/><counter type="COMPLEXITY" missed="3" covered="0"/><counter type="METHOD" missed="1" covered="0"/></method><method name="canConsumeOneMapArgument" desc="(Lpicocli/CommandLine$Model$ArgSpec;Lpicocli/CommandLine$LookBehind;ZLpicocli/CommandLine$Range;ILjava/lang/String;[Ljava/lang/Class;Lpicocli/CommandLine$ITypeConverter;Lpicocli/CommandLine$ITypeConverter;Ljava/lang/String;)Z" line="14462"><counter type="INSTRUCTION" missed="82" covered="0"/><counter type="BRANCH" missed="4" covered="0"/><counter type="LINE" missed="10" covered="0"/><counter type="COMPLEXITY" missed="3" covered="0"/><counter type="METHOD" missed="1" covered="0"/></method><method name="splitKeyValue" desc="(Lpicocli/CommandLine$Model$ArgSpec;Ljava/lang/String;)[Ljava/lang/String;" line="14478"><counter type="INSTRUCTION" missed="54" covered="0"/><counter type="BRANCH" missed="6" covered="0"/><counter type="LINE" missed="7" covered="0"/><counter type="COMPLEXITY" missed="4" covered="0"/><counter type="METHOD" missed="1" covered="0"/></method><method name="assertNoMissingMandatoryParameter" desc="(Lpicocli/CommandLine$Model$ArgSpec;Ljava/util/Stack;ILpicocli/CommandLine$Range;)Z" line="14496"><counter type="INSTRUCTION" missed="27" covered="0"/><counter type="BRANCH" missed="2" covered="0"/><counter type="LINE" missed="5" covered="0"/><counter type="COMPLEXITY" missed="2" covered="0"/><counter type="METHOD" missed="1" covered="0"/></method><method name="createMissingParameterMessageFoundOtherOption" desc="(Lpicocli/CommandLine$Model$ArgSpec;Ljava/util/Stack;ILpicocli/CommandLine$Range;)Ljava/lang/String;" line="14505"><counter type="INSTRUCTION" missed="23" covered="0"/><counter type="BRANCH" missed="2" covered="0"/><counter type="LINE" missed="2" covered="0"/><counter type="COMPLEXITY" missed="2" covered="0"/><counter type="METHOD" missed="1" covered="0"/></method><method name="isArgResemblesOptionThereforeDiscontinue" desc="(Lpicocli/CommandLine$Model$ArgSpec;Ljava/util/Stack;ILpicocli/CommandLine$Range;)Z" line="14510"><counter type="INSTRUCTION" missed="73" covered="0"/><counter type="BRANCH" missed="14" covered="0"/><counter type="LINE" missed="13" covered="0"/><counter type="COMPLEXITY" missed="8" covered="0"/><counter type="METHOD" missed="1" covered="0"/></method><method name="applyValuesToArrayField" desc="(Lpicocli/CommandLine$Model$ArgSpec;ZLpicocli/CommandLine$LookBehind;ZLpicocli/CommandLine$Range;Ljava/util/Stack;Ljava/util/Set;Ljava/lang/String;)I" line="14535"><counter type="INSTRUCTION" missed="108" covered="0"/><counter type="BRANCH" missed="12" covered="0"/><counter type="LINE" missed="20" covered="0"/><counter type="COMPLEXITY" missed="7" covered="0"/><counter type="METHOD" missed="1" covered="0"/></method><method name="applyValuesToCollectionField" desc="(Lpicocli/CommandLine$Model$ArgSpec;ZLpicocli/CommandLine$LookBehind;ZLpicocli/CommandLine$Range;Ljava/util/Stack;Ljava/util/Set;Ljava/lang/String;)I" line="14570"><counter type="INSTRUCTION" missed="99" covered="0"/><counter type="BRANCH" missed="8" covered="0"/><counter type="LINE" missed="16" covered="0"/><counter type="COMPLEXITY" missed="5" covered="0"/><counter type="METHOD" missed="1" covered="0"/></method><method name="consumeArguments" desc="(Lpicocli/CommandLine$Model$ArgSpec;ZLpicocli/CommandLine$LookBehind;ZZLpicocli/CommandLine$Range;Ljava/util/Stack;Ljava/lang/String;)Ljava/util/List;" line="14598"><counter type="INSTRUCTION" missed="316" covered="0"/><counter type="BRANCH" missed="66" covered="0"/><counter type="LINE" missed="49" covered="0"/><counter type="COMPLEXITY" missed="34" covered="0"/><counter type="METHOD" missed="1" covered="0"/></method><method name="consumedCount" desc="(IILpicocli/CommandLine$Model$ArgSpec;)I" line="14671"><counter type="INSTRUCTION" missed="14" covered="0"/><counter type="BRANCH" missed="2" covered="0"/><counter type="LINE" missed="1" covered="0"/><counter type="COMPLEXITY" missed="2" covered="0"/><counter type="METHOD" missed="1" covered="0"/></method><method name="consumedCountMap" desc="(IILpicocli/CommandLine$Model$ArgSpec;)I" line="14675"><counter type="INSTRUCTION" missed="16" covered="0"/><counter type="BRANCH" missed="2" covered="0"/><counter type="LINE" missed="1" covered="0"/><counter type="COMPLEXITY" missed="2" covered="0"/><counter type="METHOD" missed="1" covered="0"/></method><method name="addUserInputToList" desc="(Lpicocli/CommandLine$Model$ArgSpec;Ljava/util/List;ILjava/lang/String;)I" line="14679"><counter type="INSTRUCTION" missed="98" covered="0"/><counter type="BRANCH" missed="8" covered="0"/><counter type="LINE" missed="15" covered="0"/><counter type="COMPLEXITY" missed="5" covered="0"/><counter type="METHOD" missed="1" covered="0"/></method><method name="getMaskedValue" desc="(Lpicocli/CommandLine$Model$ArgSpec;Ljava/lang/String;)Ljava/lang/String;" line="14698"><counter type="INSTRUCTION" missed="7" covered="0"/><counter type="BRANCH" missed="2" covered="0"/><counter type="LINE" missed="1" covered="0"/><counter type="COMPLEXITY" missed="2" covered="0"/><counter type="METHOD" missed="1" covered="0"/></method><method name="consumeOneArgument" desc="(Lpicocli/CommandLine$Model$ArgSpec;Lpicocli/CommandLine$LookBehind;ZLpicocli/CommandLine$Range;ILjava/lang/String;Ljava/util/List;ILjava/lang/String;)I" line="14708"><counter type="INSTRUCTION" missed="102" covered="0"/><counter type="BRANCH" missed="10" covered="0"/><counter type="LINE" missed="12" covered="0"/><counter type="COMPLEXITY" missed="6" covered="0"/><counter type="METHOD" missed="1" covered="0"/></method><method name="canConsumeOneArgument" desc="(Lpicocli/CommandLine$Model$ArgSpec;Lpicocli/CommandLine$LookBehind;ZLpicocli/CommandLine$Range;ILjava/lang/String;Ljava/lang/String;)Z" line="14724"><counter type="INSTRUCTION" missed="77" covered="0"/><counter type="BRANCH" missed="6" covered="0"/><counter type="LINE" missed="9" covered="0"/><counter type="COMPLEXITY" missed="4" covered="0"/><counter type="METHOD" missed="1" covered="0"/></method><method name="varargCanConsumeNextValue" desc="(Lpicocli/CommandLine$Model$ArgSpec;Ljava/lang/String;)Z" line="14747"><counter type="INSTRUCTION" missed="58" covered="0"/><counter type="BRANCH" missed="22" covered="0"/><counter type="LINE" missed="6" covered="0"/><counter type="COMPLEXITY" missed="12" covered="0"/><counter type="METHOD" missed="1" covered="0"/></method><method name="isOption" desc="(Ljava/lang/String;)Z" line="14764"><counter type="INSTRUCTION" missed="70" covered="0"/><counter type="BRANCH" missed="18" covered="0"/><counter type="LINE" missed="11" covered="0"/><counter type="COMPLEXITY" missed="10" covered="0"/><counter type="METHOD" missed="1" covered="0"/></method><method name="isCommand" desc="(Ljava/lang/String;)Z" line="14785"><counter type="INSTRUCTION" missed="28" covered="0"/><counter type="BRANCH" missed="8" covered="0"/><counter type="LINE" missed="3" covered="0"/><counter type="COMPLEXITY" missed="5" covered="0"/><counter type="METHOD" missed="1" covered="0"/></method><method name="isEndOfOptionsDelimiter" desc="(Ljava/lang/String;)Z" line="14792"><counter type="INSTRUCTION" missed="8" covered="0"/><counter type="LINE" missed="1" covered="0"/><counter type="COMPLEXITY" missed="1" covered="0"/><counter type="METHOD" missed="1" covered="0"/></method><method name="tryConvert" desc="(Lpicocli/CommandLine$Model$ArgSpec;ILpicocli/CommandLine$ITypeConverter;Ljava/lang/String;I)Ljava/lang/Object;" line="14798"><counter type="INSTRUCTION" missed="91" covered="0"/><counter type="BRANCH" missed="2" covered="0"/><counter type="LINE" missed="11" covered="0"/><counter type="COMPLEXITY" missed="2" covered="0"/><counter type="METHOD" missed="1" covered="0"/></method><method name="isAnyHelpRequested" desc="()Z" line="14813"><counter type="INSTRUCTION" missed="15" covered="0"/><counter type="BRANCH" missed="6" covered="0"/><counter type="LINE" missed="1" covered="0"/><counter type="COMPLEXITY" missed="4" covered="0"/><counter type="METHOD" missed="1" covered="0"/></method><method name="updateHelpRequested" desc="(Lpicocli/CommandLine$Model$CommandSpec;)V" line="14816"><counter type="INSTRUCTION" missed="8" covered="0"/><counter type="LINE" missed="2" covered="0"/><counter type="COMPLEXITY" missed="1" covered="0"/><counter type="METHOD" missed="1" covered="0"/></method><method name="updateHelpRequested" desc="(Lpicocli/CommandLine$Model$ArgSpec;)V" line="14819"><counter type="INSTRUCTION" missed="46" covered="0"/><counter type="BRANCH" missed="4" covered="0"/><counter type="LINE" missed="6" covered="0"/><counter type="COMPLEXITY" missed="3" covered="0"/><counter type="METHOD" missed="1" covered="0"/></method><method name="is" desc="(Lpicocli/CommandLine$Model$ArgSpec;Ljava/lang/String;Z)Z" line="14827"><counter type="INSTRUCTION" missed="21" covered="0"/><counter type="BRANCH" missed="4" covered="0"/><counter type="LINE" missed="3" covered="0"/><counter type="COMPLEXITY" missed="3" covered="0"/><counter type="METHOD" missed="1" covered="0"/></method><method name="createCollection" desc="(Ljava/lang/Class;[Ljava/lang/Class;)Ljava/util/Collection;" line="14833"><counter type="INSTRUCTION" missed="25" covered="0"/><counter type="BRANCH" missed="4" covered="0"/><counter type="LINE" missed="4" covered="0"/><counter type="COMPLEXITY" missed="3" covered="0"/><counter type="METHOD" missed="1" covered="0"/></method><method name="createMap" desc="(Ljava/lang/Class;)Ljava/util/Map;" line="14841"><counter type="INSTRUCTION" missed="7" covered="0"/><counter type="LINE" missed="1" covered="0"/><counter type="COMPLEXITY" missed="1" covered="0"/><counter type="METHOD" missed="1" covered="0"/></method><method name="getTypeConverter" desc="([Ljava/lang/Class;Lpicocli/CommandLine$Model$ArgSpec;I)Lpicocli/CommandLine$ITypeConverter;" line="14844"><counter type="INSTRUCTION" missed="61" covered="0"/><counter type="BRANCH" missed="8" covered="0"/><counter type="LINE" missed="7" covered="0"/><counter type="COMPLEXITY" missed="5" covered="0"/><counter type="METHOD" missed="1" covered="0"/></method><method name="getActualTypeConverter" desc="(Ljava/lang/Class;Lpicocli/CommandLine$Model$ArgSpec;)Lpicocli/CommandLine$ITypeConverter;" line="14863"><counter type="INSTRUCTION" missed="43" covered="0"/><counter type="BRANCH" missed="8" covered="0"/><counter type="LINE" missed="5" covered="0"/><counter type="COMPLEXITY" missed="5" covered="0"/><counter type="METHOD" missed="1" covered="0"/></method><method name="getEnumTypeConverter" desc="(Ljava/lang/Class;)Lpicocli/CommandLine$ITypeConverter;" line="14872"><counter type="INSTRUCTION" missed="6" covered="0"/><counter type="LINE" missed="1" covered="0"/><counter type="COMPLEXITY" missed="1" covered="0"/><counter type="METHOD" missed="1" covered="0"/></method><method name="booleanValue" desc="(Lpicocli/CommandLine$Model$ArgSpec;Ljava/lang/Object;)Z" line="14903"><counter type="INSTRUCTION" missed="71" covered="0"/><counter type="BRANCH" missed="10" covered="0"/><counter type="LINE" missed="10" covered="0"/><counter type="COMPLEXITY" missed="6" covered="0"/><counter type="METHOD" missed="1" covered="0"/></method><method name="assertNoMissingParameters" desc="(Lpicocli/CommandLine$Model$ArgSpec;Lpicocli/CommandLine$Range;Ljava/util/Stack;)Z" line="14918"><counter type="INSTRUCTION" missed="83" covered="0"/><counter type="BRANCH" missed="14" covered="0"/><counter type="LINE" missed="13" covered="0"/><counter type="COMPLEXITY" missed="8" covered="0"/><counter type="METHOD" missed="1" covered="0"/></method><method name="readUserInput" desc="(Lpicocli/CommandLine$Model$ArgSpec;)[C" line="14937"><counter type="INSTRUCTION" missed="97" covered="0"/><counter type="BRANCH" missed="12" covered="0"/><counter type="LINE" missed="12" covered="0"/><counter type="COMPLEXITY" missed="7" covered="0"/><counter type="METHOD" missed="1" covered="0"/></method><method name="createUserInputDebugString" desc="(Lpicocli/CommandLine$Model$ArgSpec;[CLjava/lang/String;)Ljava/lang/String;" line="14954"><counter type="INSTRUCTION" missed="34" covered="0"/><counter type="BRANCH" missed="2" covered="0"/><counter type="LINE" missed="3" covered="0"/><counter type="COMPLEXITY" missed="2" covered="0"/><counter type="METHOD" missed="1" covered="0"/></method><method name="readPassword" desc="(Ljava/lang/String;)[C" line="14960"><counter type="INSTRUCTION" missed="46" covered="0"/><counter type="LINE" missed="5" covered="0"/><counter type="COMPLEXITY" missed="1" covered="0"/><counter type="METHOD" missed="1" covered="0"/></method><method name="readUserInputWithEchoing" desc="(Ljava/lang/String;)[C" line="14968"><counter type="INSTRUCTION" missed="30" covered="0"/><counter type="BRANCH" missed="2" covered="0"/><counter type="LINE" missed="7" covered="0"/><counter type="COMPLEXITY" missed="2" covered="0"/><counter type="METHOD" missed="1" covered="0"/></method><method name="getPosition" desc="(Lpicocli/CommandLine$Model$ArgSpec;)I" line="14979"><counter type="INSTRUCTION" missed="21" covered="0"/><counter type="BRANCH" missed="4" covered="0"/><counter type="LINE" missed="3" covered="0"/><counter type="COMPLEXITY" missed="3" covered="0"/><counter type="METHOD" missed="1" covered="0"/></method><method name="positionDesc" desc="(Lpicocli/CommandLine$Model$ArgSpec;)Ljava/lang/String;" line="14984"><counter type="INSTRUCTION" missed="16" covered="0"/><counter type="BRANCH" missed="2" covered="0"/><counter type="LINE" missed="2" covered="0"/><counter type="COMPLEXITY" missed="2" covered="0"/><counter type="METHOD" missed="1" covered="0"/></method><counter type="INSTRUCTION" missed="7104" covered="0"/><counter type="BRANCH" missed="890" covered="0"/><counter type="LINE" missed="1024" covered="0"/><counter type="COMPLEXITY" missed="518" covered="0"/><counter type="METHOD" missed="73" covered="0"/><counter type="CLASS" missed="1" covered="0"/></class><class name="picocli/CommandLine$Mixin" sourcefilename="CommandLine.java"/><class name="picocli/CommandLine$Model$CommandSpec" sourcefilename="CommandLine.java"><method name="&lt;init&gt;" desc="(Lpicocli/CommandLine$Model$CommandUserObject;)V" line="6261"><counter type="INSTRUCTION" missed="120" covered="0"/><counter type="LINE" missed="27" covered="0"/><counter type="COMPLEXITY" missed="1" covered="0"/><counter type="METHOD" missed="1" covered="0"/></method><method name="copy" desc="()Lpicocli/CommandLine$Model$CommandSpec;" line="6313"><counter type="INSTRUCTION" missed="123" covered="0"/><counter type="BRANCH" missed="4" covered="0"/><counter type="LINE" missed="27" covered="0"/><counter type="COMPLEXITY" missed="3" covered="0"/><counter type="METHOD" missed="1" covered="0"/></method><method name="create" desc="()Lpicocli/CommandLine$Model$CommandSpec;" line="6363"><counter type="INSTRUCTION" missed="3" covered="0"/><counter type="LINE" missed="1" covered="0"/><counter type="COMPLEXITY" missed="1" covered="0"/><counter type="METHOD" missed="1" covered="0"/></method><method name="wrapWithoutInspection" desc="(Ljava/lang/Object;)Lpicocli/CommandLine$Model$CommandSpec;" line="6369"><counter type="INSTRUCTION" missed="7" covered="0"/><counter type="LINE" missed="1" covered="0"/><counter type="COMPLEXITY" missed="1" covered="0"/><counter type="METHOD" missed="1" covered="0"/></method><method name="wrapWithoutInspection" desc="(Ljava/lang/Object;Lpicocli/CommandLine$IFactory;)Lpicocli/CommandLine$Model$CommandSpec;" line="6377"><counter type="INSTRUCTION" missed="7" covered="0"/><counter type="LINE" missed="1" covered="0"/><counter type="COMPLEXITY" missed="1" covered="0"/><counter type="METHOD" missed="1" covered="0"/></method><method name="forAnnotatedObject" desc="(Ljava/lang/Object;)Lpicocli/CommandLine$Model$CommandSpec;" line="6384"><counter type="INSTRUCTION" missed="6" covered="0"/><counter type="LINE" missed="1" covered="0"/><counter type="COMPLEXITY" missed="1" covered="0"/><counter type="METHOD" missed="1" covered="0"/></method><method name="forAnnotatedObject" desc="(Ljava/lang/Object;Lpicocli/CommandLine$IFactory;)Lpicocli/CommandLine$Model$CommandSpec;" line="6392"><counter type="INSTRUCTION" missed="5" covered="0"/><counter type="LINE" missed="1" covered="0"/><counter type="COMPLEXITY" missed="1" covered="0"/><counter type="METHOD" missed="1" covered="0"/></method><method name="forAnnotatedObjectLenient" desc="(Ljava/lang/Object;)Lpicocli/CommandLine$Model$CommandSpec;" line="6399"><counter type="INSTRUCTION" missed="6" covered="0"/><counter type="LINE" missed="1" covered="0"/><counter type="COMPLEXITY" missed="1" covered="0"/><counter type="METHOD" missed="1" covered="0"/></method><method name="forAnnotatedObjectLenient" desc="(Ljava/lang/Object;Lpicocli/CommandLine$IFactory;)Lpicocli/CommandLine$Model$CommandSpec;" line="6407"><counter type="INSTRUCTION" missed="5" covered="0"/><counter type="LINE" missed="1" covered="0"/><counter type="COMPLEXITY" missed="1" covered="0"/><counter type="METHOD" missed="1" covered="0"/></method><method name="validate" desc="()V" line="6411"><counter type="INSTRUCTION" missed="180" covered="0"/><counter type="BRANCH" missed="18" covered="0"/><counter type="LINE" missed="23" covered="0"/><counter type="COMPLEXITY" missed="10" covered="0"/><counter type="METHOD" missed="1" covered="0"/></method><method name="userObject" desc="()Ljava/lang/Object;" line="6441"><counter type="INSTRUCTION" missed="4" covered="0"/><counter type="LINE" missed="1" covered="0"/><counter type="COMPLEXITY" missed="1" covered="0"/><counter type="METHOD" missed="1" covered="0"/></method><method name="commandLine" desc="()Lpicocli/CommandLine;" line="6444"><counter type="INSTRUCTION" missed="3" covered="0"/><counter type="LINE" missed="1" covered="0"/><counter type="COMPLEXITY" missed="1" covered="0"/><counter type="METHOD" missed="1" covered="0"/></method><method name="commandLine" desc="(Lpicocli/CommandLine;)Lpicocli/CommandLine$Model$CommandSpec;" line="6448"><counter type="INSTRUCTION" missed="40" covered="0"/><counter type="BRANCH" missed="4" covered="0"/><counter type="LINE" missed="8" covered="0"/><counter type="COMPLEXITY" missed="3" covered="0"/><counter type="METHOD" missed="1" covered="0"/></method><method name="parser" desc="()Lpicocli/CommandLine$Model$ParserSpec;" line="6459"><counter type="INSTRUCTION" missed="3" covered="0"/><counter type="LINE" missed="1" covered="0"/><counter type="COMPLEXITY" missed="1" covered="0"/><counter type="METHOD" missed="1" covered="0"/></method><method name="parser" desc="(Lpicocli/CommandLine$Model$ParserSpec;)Lpicocli/CommandLine$Model$CommandSpec;" line="6461"><counter type="INSTRUCTION" missed="6" covered="0"/><counter type="LINE" missed="1" covered="0"/><counter type="COMPLEXITY" missed="1" covered="0"/><counter type="METHOD" missed="1" covered="0"/></method><method name="usageMessage" desc="()Lpicocli/CommandLine$Model$UsageMessageSpec;" line="6464"><counter type="INSTRUCTION" missed="3" covered="0"/><counter type="LINE" missed="1" covered="0"/><counter type="COMPLEXITY" missed="1" covered="0"/><counter type="METHOD" missed="1" covered="0"/></method><method name="usageMessage" desc="(Lpicocli/CommandLine$Model$UsageMessageSpec;)Lpicocli/CommandLine$Model$CommandSpec;" line="6466"><counter type="INSTRUCTION" missed="7" covered="0"/><counter type="LINE" missed="1" covered="0"/><counter type="COMPLEXITY" missed="1" covered="0"/><counter type="METHOD" missed="1" covered="0"/></method><method name="subcommandsCaseInsensitive" desc="()Z" line="6470"><counter type="INSTRUCTION" missed="4" covered="0"/><counter type="LINE" missed="1" covered="0"/><counter type="COMPLEXITY" missed="1" covered="0"/><counter type="METHOD" missed="1" covered="0"/></method><method name="subcommandsCaseInsensitive" desc="(Z)Lpicocli/CommandLine$Model$CommandSpec;" line="6474"><counter type="INSTRUCTION" missed="22" covered="0"/><counter type="BRANCH" missed="2" covered="0"/><counter type="LINE" missed="4" covered="0"/><counter type="COMPLEXITY" missed="2" covered="0"/><counter type="METHOD" missed="1" covered="0"/></method><method name="optionsCaseInsensitive" desc="()Z" line="6482"><counter type="INSTRUCTION" missed="4" covered="0"/><counter type="LINE" missed="1" covered="0"/><counter type="COMPLEXITY" missed="1" covered="0"/><counter type="METHOD" missed="1" covered="0"/></method><method name="optionsCaseInsensitive" desc="(Z)Lpicocli/CommandLine$Model$CommandSpec;" line="6489"><counter type="INSTRUCTION" missed="40" covered="0"/><counter type="BRANCH" missed="4" covered="0"/><counter type="LINE" missed="10" covered="0"/><counter type="COMPLEXITY" missed="3" covered="0"/><counter type="METHOD" missed="1" covered="0"/></method><method name="resourceBundleBaseName" desc="()Ljava/lang/String;" line="6504"><counter type="INSTRUCTION" missed="5" covered="0"/><counter type="LINE" missed="1" covered="0"/><counter type="COMPLEXITY" missed="1" covered="0"/><counter type="METHOD" missed="1" covered="0"/></method><method name="resourceBundleBaseName" desc="(Ljava/lang/String;)Lpicocli/CommandLine$Model$CommandSpec;" line="6515"><counter type="INSTRUCTION" missed="14" covered="0"/><counter type="BRANCH" missed="2" covered="0"/><counter type="LINE" missed="3" covered="0"/><counter type="COMPLEXITY" missed="2" covered="0"/><counter type="METHOD" missed="1" covered="0"/></method><method name="resourceBundle" desc="()Ljava/util/ResourceBundle;" line="6522"><counter type="INSTRUCTION" missed="5" covered="0"/><counter type="LINE" missed="1" covered="0"/><counter type="COMPLEXITY" missed="1" covered="0"/><counter type="METHOD" missed="1" covered="0"/></method><method name="resourceBundle" desc="(Ljava/util/ResourceBundle;)Lpicocli/CommandLine$Model$CommandSpec;" line="6532"><counter type="INSTRUCTION" missed="7" covered="0"/><counter type="LINE" missed="2" covered="0"/><counter type="COMPLEXITY" missed="1" covered="0"/><counter type="METHOD" missed="1" covered="0"/></method><method name="setBundle" desc="(Ljava/lang/String;Ljava/util/ResourceBundle;)V" line="6536"><counter type="INSTRUCTION" missed="13" covered="0"/><counter type="LINE" missed="3" covered="0"/><counter type="COMPLEXITY" missed="1" covered="0"/><counter type="METHOD" missed="1" covered="0"/></method><method name="updateArgSpecMessages" desc="()V" line="6540"><counter type="INSTRUCTION" missed="55" covered="0"/><counter type="BRANCH" missed="6" covered="0"/><counter type="LINE" missed="4" covered="0"/><counter type="COMPLEXITY" missed="4" covered="0"/><counter type="METHOD" missed="1" covered="0"/></method><method name="subcommands" desc="()Ljava/util/Map;" line="6546"><counter type="INSTRUCTION" missed="4" covered="0"/><counter type="LINE" missed="1" covered="0"/><counter type="COMPLEXITY" missed="1" covered="0"/><counter type="METHOD" missed="1" covered="0"/></method><method name="addSubcommand" desc="(Ljava/lang/String;Lpicocli/CommandLine$Model$CommandSpec;)Lpicocli/CommandLine$Model$CommandSpec;" line="6561"><counter type="INSTRUCTION" missed="8" covered="0"/><counter type="LINE" missed="1" covered="0"/><counter type="COMPLEXITY" missed="1" covered="0"/><counter type="METHOD" missed="1" covered="0"/></method><method name="addSubcommand" desc="(Ljava/lang/String;Lpicocli/CommandLine;)Lpicocli/CommandLine$Model$CommandSpec;" line="6577"><counter type="INSTRUCTION" missed="171" covered="0"/><counter type="BRANCH" missed="26" covered="0"/><counter type="LINE" missed="26" covered="0"/><counter type="COMPLEXITY" missed="14" covered="0"/><counter type="METHOD" missed="1" covered="0"/></method><method name="addAlias" desc="(Ljava/lang/String;Ljava/lang/String;Lpicocli/CommandLine;Lpicocli/CommandLine$Tracer;)V" line="6609"><counter type="INSTRUCTION" missed="55" covered="0"/><counter type="BRANCH" missed="8" covered="0"/><counter type="LINE" missed="6" covered="0"/><counter type="COMPLEXITY" missed="5" covered="0"/><counter type="METHOD" missed="1" covered="0"/></method><method name="removeAlias" desc="(Ljava/lang/String;Lpicocli/CommandLine;Lpicocli/CommandLine$Tracer;)V" line="6617"><counter type="INSTRUCTION" missed="39" covered="0"/><counter type="BRANCH" missed="4" covered="0"/><counter type="LINE" missed="4" covered="0"/><counter type="COMPLEXITY" missed="3" covered="0"/><counter type="METHOD" missed="1" covered="0"/></method><method name="inheritAttributesFrom" desc="(Lpicocli/CommandLine$Model$CommandSpec;)V" line="6622"><counter type="INSTRUCTION" missed="9" covered="0"/><counter type="LINE" missed="4" covered="0"/><counter type="COMPLEXITY" missed="1" covered="0"/><counter type="METHOD" missed="1" covered="0"/></method><method name="setInheritedDeep" desc="()V" line="6629"><counter type="INSTRUCTION" missed="20" covered="0"/><counter type="BRANCH" missed="2" covered="0"/><counter type="LINE" missed="5" covered="0"/><counter type="COMPLEXITY" missed="2" covered="0"/><counter type="METHOD" missed="1" covered="0"/></method><method name="updatedSubcommandsToInheritFrom" desc="(Lpicocli/CommandLine$Model$CommandSpec;)V" line="6635"><counter type="INSTRUCTION" missed="33" covered="0"/><counter type="BRANCH" missed="6" covered="0"/><counter type="LINE" missed="7" covered="0"/><counter type="COMPLEXITY" missed="4" covered="0"/><counter type="METHOD" missed="1" covered="0"/></method><method name="removeSubcommand" desc="(Ljava/lang/String;)Lpicocli/CommandLine;" line="6654"><counter type="INSTRUCTION" missed="101" covered="0"/><counter type="BRANCH" missed="8" covered="0"/><counter type="LINE" missed="16" covered="0"/><counter type="COMPLEXITY" missed="5" covered="0"/><counter type="METHOD" missed="1" covered="0"/></method><method name="validateSubcommandName" desc="(Ljava/lang/String;Lpicocli/CommandLine$Model$CommandSpec;)Ljava/lang/String;" line="6677"><counter type="INSTRUCTION" missed="35" covered="0"/><counter type="BRANCH" missed="8" covered="0"/><counter type="LINE" missed="11" covered="0"/><counter type="COMPLEXITY" missed="5" covered="0"/><counter type="METHOD" missed="1" covered="0"/></method><method name="initCommandHierarchyWithResourceBundle" desc="(Ljava/lang/String;Ljava/util/ResourceBundle;)V" line="6695"><counter type="INSTRUCTION" missed="29" covered="0"/><counter type="BRANCH" missed="6" covered="0"/><counter type="LINE" missed="6" covered="0"/><counter type="COMPLEXITY" missed="4" covered="0"/><counter type="METHOD" missed="1" covered="0"/></method><method name="isAddMethodSubcommands" desc="()Z" line="6705"><counter type="INSTRUCTION" missed="9" covered="0"/><counter type="BRANCH" missed="2" covered="0"/><counter type="LINE" missed="1" covered="0"/><counter type="COMPLEXITY" missed="2" covered="0"/><counter type="METHOD" missed="1" covered="0"/></method><method name="setAddMethodSubcommands" desc="(Ljava/lang/Boolean;)Lpicocli/CommandLine$Model$CommandSpec;" line="6708"><counter type="INSTRUCTION" missed="5" covered="0"/><counter type="LINE" missed="1" covered="0"/><counter type="COMPLEXITY" missed="1" covered="0"/><counter type="METHOD" missed="1" covered="0"/></method><method name="interpolateVariables" desc="()Z" line="6712"><counter type="INSTRUCTION" missed="9" covered="0"/><counter type="BRANCH" missed="2" covered="0"/><counter type="LINE" missed="1" covered="0"/><counter type="COMPLEXITY" missed="2" covered="0"/><counter type="METHOD" missed="1" covered="0"/></method><method name="interpolateVariables" desc="(Ljava/lang/Boolean;)Lpicocli/CommandLine$Model$CommandSpec;" line="6715"><counter type="INSTRUCTION" missed="5" covered="0"/><counter type="LINE" missed="1" covered="0"/><counter type="COMPLEXITY" missed="1" covered="0"/><counter type="METHOD" missed="1" covered="0"/></method><method name="addMethodSubcommands" desc="()Lpicocli/CommandLine$Model$CommandSpec;" line="6725"><counter type="INSTRUCTION" missed="6" covered="0"/><counter type="LINE" missed="1" covered="0"/><counter type="COMPLEXITY" missed="1" covered="0"/><counter type="METHOD" missed="1" covered="0"/></method><method name="addMethodSubcommands" desc="(Lpicocli/CommandLine$IFactory;)Lpicocli/CommandLine$Model$CommandSpec;" line="6735"><counter type="INSTRUCTION" missed="40" covered="0"/><counter type="BRANCH" missed="4" covered="0"/><counter type="LINE" missed="7" covered="0"/><counter type="COMPLEXITY" missed="3" covered="0"/><counter type="METHOD" missed="1" covered="0"/></method><method name="createMethodSubcommands" desc="(Ljava/lang/Class;Lpicocli/CommandLine$IFactory;Z)Ljava/util/List;" line="6745"><counter type="INSTRUCTION" missed="28" covered="0"/><counter type="BRANCH" missed="2" covered="0"/><counter type="LINE" missed="5" covered="0"/><counter type="COMPLEXITY" missed="2" covered="0"/><counter type="METHOD" missed="1" covered="0"/></method><method name="parent" desc="()Lpicocli/CommandLine$Model$CommandSpec;" line="6753"><counter type="INSTRUCTION" missed="3" covered="0"/><counter type="LINE" missed="1" covered="0"/><counter type="COMPLEXITY" missed="1" covered="0"/><counter type="METHOD" missed="1" covered="0"/></method><method name="root" desc="()Lpicocli/CommandLine$Model$CommandSpec;" line="6757"><counter type="INSTRUCTION" missed="11" covered="0"/><counter type="BRANCH" missed="2" covered="0"/><counter type="LINE" missed="1" covered="0"/><counter type="COMPLEXITY" missed="2" covered="0"/><counter type="METHOD" missed="1" covered="0"/></method><method name="parent" desc="(Lpicocli/CommandLine$Model$CommandSpec;)Lpicocli/CommandLine$Model$CommandSpec;" line="6762"><counter type="INSTRUCTION" missed="9" covered="0"/><counter type="LINE" missed="3" covered="0"/><counter type="COMPLEXITY" missed="1" covered="0"/><counter type="METHOD" missed="1" covered="0"/></method><method name="add" desc="(Lpicocli/CommandLine$Model$ArgSpec;)Lpicocli/CommandLine$Model$CommandSpec;" line="6770"><counter type="INSTRUCTION" missed="13" covered="0"/><counter type="BRANCH" missed="2" covered="0"/><counter type="LINE" missed="1" covered="0"/><counter type="COMPLEXITY" missed="2" covered="0"/><counter type="METHOD" missed="1" covered="0"/></method><method name="addOption" desc="(Lpicocli/CommandLine$Model$OptionSpec;)Lpicocli/CommandLine$Model$CommandSpec;" line="6781"><counter type="INSTRUCTION" missed="137" covered="0"/><counter type="BRANCH" missed="20" covered="0"/><counter type="LINE" missed="21" covered="0"/><counter type="COMPLEXITY" missed="11" covered="0"/><counter type="METHOD" missed="1" covered="0"/></method><method name="addOptionNegative" desc="(Lpicocli/CommandLine$Model$OptionSpec;Lpicocli/CommandLine$Tracer;)V" line="6811"><counter type="INSTRUCTION" missed="109" covered="0"/><counter type="BRANCH" missed="14" covered="0"/><counter type="LINE" missed="16" covered="0"/><counter type="COMPLEXITY" missed="8" covered="0"/><counter type="METHOD" missed="1" covered="0"/></method><method name="resetNegativeOptionNames" desc="()V" line="6836"><counter type="INSTRUCTION" missed="27" covered="0"/><counter type="BRANCH" missed="2" covered="0"/><counter type="LINE" missed="7" covered="0"/><counter type="COMPLEXITY" missed="2" covered="0"/><counter type="METHOD" missed="1" covered="0"/></method><method name="addPositional" desc="(Lpicocli/CommandLine$Model$PositionalParamSpec;)Lpicocli/CommandLine$Model$CommandSpec;" line="6852"><counter type="INSTRUCTION" missed="61" covered="0"/><counter type="BRANCH" missed="6" covered="0"/><counter type="LINE" missed="12" covered="0"/><counter type="COMPLEXITY" missed="4" covered="0"/><counter type="METHOD" missed="1" covered="0"/></method><method name="adjustRelativeIndices" desc="(Lpicocli/CommandLine$Model$PositionalParamSpec;)V" line="6873"><counter type="INSTRUCTION" missed="83" covered="0"/><counter type="BRANCH" missed="12" covered="0"/><counter type="LINE" missed="11" covered="0"/><counter type="COMPLEXITY" missed="7" covered="0"/><counter type="METHOD" missed="1" covered="0"/></method><method name="addArg" desc="(Lpicocli/CommandLine$Model$ArgSpec;)Lpicocli/CommandLine$Model$CommandSpec;" line="6889"><counter type="INSTRUCTION" missed="55" covered="0"/><counter type="BRANCH" missed="12" covered="0"/><counter type="LINE" missed="9" covered="0"/><counter type="COMPLEXITY" missed="7" covered="0"/><counter type="METHOD" missed="1" covered="0"/></method><method name="remove" desc="(Lpicocli/CommandLine$Model$ArgSpec;)Lpicocli/CommandLine$Model$CommandSpec;" line="6910"><counter type="INSTRUCTION" missed="65" covered="0"/><counter type="BRANCH" missed="6" covered="0"/><counter type="LINE" missed="15" covered="0"/><counter type="COMPLEXITY" missed="4" covered="0"/><counter type="METHOD" missed="1" covered="0"/></method><method name="remove" desc="(Lpicocli/CommandLine$Model$ArgSpec;Ljava/util/Map;)I" line="6930"><counter type="INSTRUCTION" missed="23" covered="0"/><counter type="BRANCH" missed="4" covered="0"/><counter type="LINE" missed="8" covered="0"/><counter type="COMPLEXITY" missed="3" covered="0"/><counter type="METHOD" missed="1" covered="0"/></method><method name="addArgGroup" desc="(Lpicocli/CommandLine$Model$ArgGroupSpec;)Lpicocli/CommandLine$Model$CommandSpec;" line="6947"><counter type="INSTRUCTION" missed="10" covered="0"/><counter type="LINE" missed="1" covered="0"/><counter type="COMPLEXITY" missed="1" covered="0"/><counter type="METHOD" missed="1" covered="0"/></method><method name="addArgGroup" desc="(Lpicocli/CommandLine$Model$ArgGroupSpec;Ljava/util/Set;Ljava/util/Set;)Lpicocli/CommandLine$Model$CommandSpec;" line="6950"><counter type="INSTRUCTION" missed="37" covered="0"/><counter type="BRANCH" missed="2" covered="0"/><counter type="LINE" missed="7" covered="0"/><counter type="COMPLEXITY" missed="2" covered="0"/><counter type="METHOD" missed="1" covered="0"/></method><method name="addGroupArgsToCommand" desc="(Lpicocli/CommandLine$Model$ArgGroupSpec;Ljava/util/Map;Ljava/util/Set;Ljava/util/Set;)V" line="6961"><counter type="INSTRUCTION" missed="151" covered="0"/><counter type="BRANCH" missed="16" covered="0"/><counter type="LINE" missed="19" covered="0"/><counter type="COMPLEXITY" missed="9" covered="0"/><counter type="METHOD" missed="1" covered="0"/></method><method name="flatten" desc="(Ljava/util/Collection;Ljava/util/Set;)Ljava/util/Set;" line="6985"><counter type="INSTRUCTION" missed="18" covered="0"/><counter type="BRANCH" missed="2" covered="0"/><counter type="LINE" missed="1" covered="0"/><counter type="COMPLEXITY" missed="2" covered="0"/><counter type="METHOD" missed="1" covered="0"/></method><method name="flatten" desc="(Lpicocli/CommandLine$Model$ArgGroupSpec;Ljava/util/Set;)Ljava/util/Set;" line="6988"><counter type="INSTRUCTION" missed="23" covered="0"/><counter type="BRANCH" missed="2" covered="0"/><counter type="LINE" missed="3" covered="0"/><counter type="COMPLEXITY" missed="2" covered="0"/><counter type="METHOD" missed="1" covered="0"/></method><method name="check" desc="(Lpicocli/CommandLine$Model$ArgGroupSpec;Ljava/util/Set;)V" line="6993"><counter type="INSTRUCTION" missed="30" covered="0"/><counter type="BRANCH" missed="4" covered="0"/><counter type="LINE" missed="4" covered="0"/><counter type="COMPLEXITY" missed="3" covered="0"/><counter type="METHOD" missed="1" covered="0"/></method><method name="addMixin" desc="(Ljava/lang/String;L
[...]
<line nr="18523" mi="2" ci="0" mb="0" cb="0"/><line nr="18527" mi="2" ci="0" mb="0" cb="0"/><line nr="18528" mi="33" ci="0" mb="4" cb="0"/><line nr="18529" mi="2" ci="0" mb="0" cb="0"/><line nr="18540" mi="4" ci="0" mb="0" cb="0"/><line nr="18541" mi="5" ci="0" mb="0" cb="0"/><line nr="18547" mi="4" ci="0" mb="0" cb="0"/><line nr="18548" mi="5" ci="0" mb="0" cb="0"/><line nr="18558" mi="3" ci="0" mb="0" cb="0"/><line nr="18559" mi="6" ci="0" mb="0" cb="0"/><line nr="18560" mi="1" ci="0" mb="0" cb="0"/><line nr="18562" mi="4" ci="0" mb="0" cb="0"/><line nr="18563" mi="6" ci="0" mb="0" cb="0"/><line nr="18564" mi="1" ci="0" mb="0" cb="0"/><line nr="18568" mi="3" ci="0" mb="0" cb="0"/><line nr="18576" mi="4" ci="0" mb="0" cb="0"/><line nr="18582" mi="12" ci="0" mb="0" cb="0"/><line nr="18583" mi="12" ci="0" mb="0" cb="0"/><line nr="18590" mi="3" ci="0" mb="0" cb="0"/><line nr="18591" mi="6" ci="0" mb="0" cb="0"/><line nr="18592" mi="1" ci="0" mb="0" cb="0"/><line nr="18600" mi="4" ci="0" mb="0" cb="0"/><line nr="18601" mi="6" ci="0" mb="0" cb="0"/><line nr="18602" mi="1" ci="0" mb="0" cb="0"/><line nr="18612" mi="4" ci="0" mb="0" cb="0"/><line nr="18613" mi="6" ci="0" mb="0" cb="0"/><line nr="18614" mi="9" ci="0" mb="4" cb="0"/><line nr="18615" mi="3" ci="0" mb="0" cb="0"/><line nr="18616" mi="3" ci="0" mb="0" cb="0"/><line nr="18617" mi="1" ci="0" mb="0" cb="0"/><line nr="18626" mi="3" ci="0" mb="0" cb="0"/><line nr="18627" mi="6" ci="0" mb="0" cb="0"/><line nr="18628" mi="9" ci="0" mb="4" cb="0"/><line nr="18629" mi="3" ci="0" mb="0" cb="0"/><line nr="18630" mi="3" ci="0" mb="0" cb="0"/><line nr="18631" mi="1" ci="0" mb="0" cb="0"/><line nr="18638" mi="3" ci="0" mb="0" cb="0"/><line nr="18644" mi="3" ci="0" mb="0" cb="0"/><line nr="18650" mi="3" ci="0" mb="0" cb="0"/><line nr="18653" mi="8" ci="0" mb="0" cb="0"/><line nr="18654" mi="5" ci="0" mb="0" cb="0"/><line nr="18655" mi="9" ci="0" mb="0" cb="0"/><line nr="18664" mi="7" ci="0" mb="0" cb="0"/><line nr="18666" mi="4" ci="0" mb="0" cb="0"/><line nr="18667" mi="7" ci="0" mb="0" cb="0"/><line nr="18668" mi="1" ci="0" mb="0" cb="0"/><line nr="18669" mi="3" ci="0" mb="0" cb="0"/><line nr="18671" mi="7" ci="0" mb="0" cb="0"/><line nr="18672" mi="3" ci="0" mb="0" cb="0"/><line nr="18673" mi="9" ci="0" mb="0" cb="0"/><line nr="18680" mi="5" ci="0" mb="0" cb="0"/><line nr="18687" mi="4" ci="0" mb="0" cb="0"/><line nr="18694" mi="4" ci="0" mb="0" cb="0"/><line nr="18697" mi="5" ci="0" mb="0" cb="0"/><line nr="18698" mi="5" ci="0" mb="0" cb="0"/><line nr="18704" mi="4" ci="0" mb="0" cb="0"/><line nr="18710" mi="3" ci="0" mb="0" cb="0"/><line nr="18711" mi="5" ci="0" mb="0" cb="0"/><line nr="18712" mi="9" ci="0" mb="0" cb="0"/><line nr="18713" mi="6" ci="0" mb="0" cb="0"/><line nr="18715" mi="13" ci="0" mb="0" cb="0"/><line nr="18716" mi="6" ci="0" mb="0" cb="0"/><line nr="18717" mi="1" ci="0" mb="0" cb="0"/><line nr="18721" mi="12" ci="0" mb="4" cb="0"/><line nr="18726" mi="12" ci="0" mb="4" cb="0"/><line nr="18730" mi="4" ci="0" mb="0" cb="0"/><line nr="18732" mi="4" ci="0" mb="0" cb="0"/><line nr="18733" mi="10" ci="0" mb="2" cb="0"/><line nr="18734" mi="7" ci="0" mb="2" cb="0"/><line nr="18735" mi="4" ci="0" mb="0" cb="0"/><line nr="18736" mi="11" ci="0" mb="2" cb="0"/><line nr="18737" mi="1" ci="0" mb="0" cb="0"/><line nr="18738" mi="3" ci="0" mb="0" cb="0"/><line nr="18742" mi="6" ci="0" mb="0" cb="0"/><line nr="18745" mi="6" ci="0" mb="0" cb="0"/><line nr="18749" mi="3" ci="0" mb="0" cb="0"/><line nr="18750" mi="3" ci="0" mb="2" cb="0"/><line nr="18751" mi="5" ci="0" mb="2" cb="0"/><line nr="18752" mi="4" ci="0" mb="0" cb="0"/><line nr="18753" mi="8" ci="0" mb="0" cb="0"/><line nr="18754" mi="2" ci="0" mb="0" cb="0"/><line nr="18756" mi="7" ci="0" mb="2" cb="0"/><line nr="18759" mi="3" ci="0" mb="0" cb="0"/><line nr="18760" mi="10" ci="0" mb="0" cb="0"/><line nr="18765" mi="5" ci="0" mb="0" cb="0"/><line nr="18766" mi="8" ci="0" mb="4" cb="0"/><line nr="18767" mi="4" ci="0" mb="0" cb="0"/><line nr="18768" mi="10" ci="0" mb="2" cb="0"/><line nr="18769" mi="6" ci="0" mb="0" cb="0"/><line nr="18770" mi="1" ci="0" mb="0" cb="0"/><line nr="18771" mi="2" ci="0" mb="0" cb="0"/><line nr="18777" mi="6" ci="0" mb="2" cb="0"/><line nr="18778" mi="6" ci="0" mb="0" cb="0"/><line nr="18779" mi="3" ci="0" mb="0" cb="0"/><line nr="18780" mi="4" ci="0" mb="0" cb="0"/><line nr="18781" mi="4" ci="0" mb="2" cb="0"/><line nr="18782" mi="10" ci="0" mb="0" cb="0"/><line nr="18783" mi="4" ci="0" mb="2" cb="0"/><line nr="18784" mi="4" ci="0" mb="0" cb="0"/><line nr="18785" mi="12" ci="0" mb="2" cb="0"/><line nr="18786" mi="13" ci="0" mb="2" cb="0"/><line nr="18787" mi="1" ci="0" mb="0" cb="0"/><line nr="18788" mi="4" ci="0" mb="0" cb="0"/><line nr="18789" mi="8" ci="0" mb="0" cb="0"/><line nr="18791" mi="2" ci="0" mb="0" cb="0"/><line nr="18794" mi="17" ci="0" mb="6" cb="0"/><line nr="18797" mi="8" ci="0" mb="2" cb="0"/><line nr="18798" mi="4" ci="0" mb="2" cb="0"/><line nr="18799" mi="3" ci="0" mb="0" cb="0"/><line nr="18801" mi="8" ci="0" mb="2" cb="0"/><line nr="18802" mi="11" ci="0" mb="2" cb="0"/><line nr="18803" mi="5" ci="0" mb="0" cb="0"/><line nr="18806" mi="4" ci="0" mb="0" cb="0"/><line nr="18808" mi="10" ci="0" mb="2" cb="0"/><line nr="18809" mi="6" ci="0" mb="2" cb="0"/><line nr="18810" mi="8" ci="0" mb="4" cb="0"/><line nr="18811" mi="4" ci="0" mb="0" cb="0"/><line nr="18812" mi="5" ci="0" mb="0" cb="0"/><line nr="18814" mi="5" ci="0" mb="0" cb="0"/><line nr="18815" mi="2" ci="0" mb="0" cb="0"/><line nr="18816" mi="1" ci="0" mb="0" cb="0"/><line nr="18817" mi="2" ci="0" mb="0" cb="0"/><line nr="18823" mi="5" ci="0" mb="0" cb="0"/><line nr="18830" mi="4" ci="0" mb="0" cb="0"/><line nr="18831" mi="3" ci="0" mb="0" cb="0"/><line nr="18832" mi="1" ci="0" mb="0" cb="0"/><line nr="18835" mi="3" ci="0" mb="0" cb="0"/><line nr="18843" mi="5" ci="0" mb="0" cb="0"/><line nr="18920" mi="3" ci="0" mb="0" cb="0"/><line nr="18934" mi="2" ci="0" mb="0" cb="0"/><line nr="18935" mi="3" ci="0" mb="0" cb="0"/><line nr="18936" mi="1" ci="0" mb="0" cb="0"/><line nr="18952" mi="5" ci="0" mb="0" cb="0"/><line nr="18953" mi="5" ci="0" mb="0" cb="0"/><line nr="18954" mi="4" ci="0" mb="0" cb="0"/><line nr="18955" mi="1" ci="0" mb="0" cb="0"/><line nr="18958" mi="2" ci="0" mb="2" cb="0"/><line nr="18959" mi="5" ci="0" mb="0" cb="0"/><line nr="18961" mi="6" ci="0" mb="4" cb="0"/><line nr="18963" mi="9" ci="0" mb="0" cb="0"/><line nr="18964" mi="1" ci="0" mb="0" cb="0"/><line nr="18965" mi="14" ci="0" mb="0" cb="0"/><line nr="18966" mi="1" ci="0" mb="0" cb="0"/><line nr="18968" mi="10" ci="0" mb="0" cb="0"/><line nr="18970" mi="4" ci="0" mb="0" cb="0"/><line nr="18974" mi="2" ci="0" mb="2" cb="0"/><line nr="18975" mi="5" ci="0" mb="0" cb="0"/><line nr="18977" mi="4" ci="0" mb="0" cb="0"/><line nr="18979" mi="7" ci="0" mb="2" cb="0"/><line nr="18980" mi="13" ci="0" mb="0" cb="0"/><line nr="18981" mi="3" ci="0" mb="0" cb="0"/><line nr="18982" mi="5" ci="0" mb="0" cb="0"/><line nr="18983" mi="1" ci="0" mb="0" cb="0"/><line nr="18984" mi="13" ci="0" mb="0" cb="0"/><line nr="18986" mi="2" ci="0" mb="0" cb="0"/><line nr="18988" mi="2" ci="0" mb="0" cb="0"/><line nr="18992" mi="4" ci="0" mb="2" cb="0"/><line nr="18993" mi="2" ci="0" mb="0" cb="0"/><line nr="18994" mi="11" ci="0" mb="2" cb="0"/><line nr="18995" mi="3" ci="0" mb="0" cb="0"/><line nr="18996" mi="5" ci="0" mb="0" cb="0"/><line nr="18997" mi="8" ci="0" mb="0" cb="0"/><line nr="18998" mi="9" ci="0" mb="2" cb="0"/><line nr="18999" mi="2" ci="0" mb="2" cb="0"/><line nr="19000" mi="14" ci="0" mb="0" cb="0"/><line nr="19002" mi="3" ci="0" mb="2" cb="0"/><line nr="19003" mi="4" ci="0" mb="0" cb="0"/><line nr="19005" mi="3" ci="0" mb="0" cb="0"/><line nr="19006" mi="2" ci="0" mb="2" cb="0"/><line nr="19007" mi="3" ci="0" mb="0" cb="0"/><line nr="19009" mi="6" ci="0" mb="0" cb="0"/><line nr="19010" mi="2" ci="0" mb="2" cb="0"/><line nr="19012" mi="7" ci="0" mb="0" cb="0"/><line nr="19013" mi="1" ci="0" mb="0" cb="0"/><line nr="19014" mi="13" ci="0" mb="0" cb="0"/><line nr="19015" mi="1" ci="0" mb="0" cb="0"/><line nr="19017" mi="9" ci="0" mb="0" cb="0"/><line nr="19020" mi="1" ci="0" mb="0" cb="0"/><line nr="19021" mi="4" ci="0" mb="0" cb="0"/><line nr="19025" mi="3" ci="0" mb="2" cb="0"/><line nr="19026" mi="5" ci="0" mb="0" cb="0"/><line nr="19027" mi="12" ci="0" mb="2" cb="0"/><line nr="19029" mi="7" ci="0" mb="4" cb="0"/><line nr="19030" mi="2" ci="0" mb="0" cb="0"/><line nr="19032" mi="4" ci="0" mb="2" cb="0"/><line nr="19033" mi="5" ci="0" mb="0" cb="0"/><line nr="19034" mi="4" ci="0" mb="0" cb="0"/><line nr="19038" mi="7" ci="0" mb="0" cb="0"/><line nr="19039" mi="12" ci="0" mb="2" cb="0"/><line nr="19040" mi="2" ci="0" mb="0" cb="0"/><line nr="19043" mi="8" ci="0" mb="2" cb="0"/><line nr="19044" mi="5" ci="0" mb="2" cb="0"/><line nr="19045" mi="4" ci="0" mb="0" cb="0"/><line nr="19048" mi="2" ci="0" mb="0" cb="0"/><line nr="19052" mi="7" ci="0" mb="0" cb="0"/><line nr="19053" mi="11" ci="0" mb="2" cb="0"/><line nr="19054" mi="2" ci="0" mb="0" cb="0"/><line nr="19058" mi="2" ci="0" mb="0" cb="0"/><line nr="19059" mi="2" ci="0" mb="2" cb="0"/><line nr="19060" mi="4" ci="0" mb="0" cb="0"/><line nr="19061" mi="7" ci="0" mb="0" cb="0"/><line nr="19063" mi="4" ci="0" mb="2" cb="0"/><line nr="19064" mi="9" ci="0" mb="2" cb="0"/><line nr="19067" mi="7" ci="0" mb="0" cb="0"/><line nr="19071" mi="3" ci="0" mb="0" cb="0"/><line nr="19076" mi="2" ci="0" mb="0" cb="0"/><line nr="19077" mi="3" ci="0" mb="0" cb="0"/><line nr="19078" mi="3" ci="0" mb="0" cb="0"/><line nr="19079" mi="1" ci="0" mb="0" cb="0"/><line nr="19082" mi="3" ci="0" mb="0" cb="0"/><line nr="19086" mi="7" ci="0" mb="2" cb="0"/><line nr="19090" mi="3" ci="0" mb="0" cb="0"/><line nr="19095" mi="3" ci="0" mb="2" cb="0"/><line nr="19096" mi="2" ci="0" mb="0" cb="0"/><line nr="19098" mi="3" ci="0" mb="0" cb="0"/><line nr="19099" mi="25" ci="0" mb="8" cb="0"/><line nr="19104" mi="13" ci="0" mb="2" cb="0"/><line nr="19109" mi="4" ci="0" mb="0" cb="0"/><line nr="19110" mi="2" ci="0" mb="0" cb="0"/><line nr="19111" mi="4" ci="0" mb="0" cb="0"/><line nr="19112" mi="4" ci="0" mb="2" cb="0"/><line nr="19113" mi="4" ci="0" mb="0" cb="0"/><line nr="19114" mi="3" ci="0" mb="2" cb="0"/><line nr="19115" mi="1" ci="0" mb="0" cb="0"/><line nr="19117" mi="4" ci="0" mb="0" cb="0"/><line nr="19118" mi="6" ci="0" mb="0" cb="0"/><line nr="19120" mi="3" ci="0" mb="2" cb="0"/><line nr="19121" mi="5" ci="0" mb="0" cb="0"/><line nr="19126" mi="12" ci="0" mb="2" cb="0"/><line nr="19127" mi="4" ci="0" mb="0" cb="0"/><line nr="19128" mi="8" ci="0" mb="6" cb="0"/><line nr="19129" mi="6" ci="0" mb="0" cb="0"/><line nr="19130" mi="3" ci="0" mb="2" cb="0"/><line nr="19131" mi="4" ci="0" mb="0" cb="0"/><line nr="19133" mi="2" ci="0" mb="0" cb="0"/><line nr="19136" mi="4" ci="0" mb="2" cb="0"/><line nr="19137" mi="5" ci="0" mb="0" cb="0"/><line nr="19138" mi="3" ci="0" mb="2" cb="0"/><line nr="19139" mi="4" ci="0" mb="0" cb="0"/><line nr="19142" mi="2" ci="0" mb="0" cb="0"/><line nr="19146" mi="4" ci="0" mb="2" cb="0"/><line nr="19147" mi="2" ci="0" mb="0" cb="0"/><line nr="19149" mi="8" ci="0" mb="4" cb="0"/><line nr="19150" mi="7" ci="0" mb="0" cb="0"/><line nr="19151" mi="9" ci="0" mb="0" cb="0"/><line nr="19153" mi="2" ci="0" mb="0" cb="0"/><line nr="19158" mi="8" ci="0" mb="0" cb="0"/><line nr="19159" mi="6" ci="0" mb="4" cb="0"/><line nr="19160" mi="2" ci="0" mb="0" cb="0"/><line nr="19162" mi="4" ci="0" mb="0" cb="0"/><line nr="19163" mi="4" ci="0" mb="0" cb="0"/><line nr="19164" mi="11" ci="0" mb="2" cb="0"/><line nr="19165" mi="6" ci="0" mb="0" cb="0"/><line nr="19166" mi="5" ci="0" mb="2" cb="0"/><line nr="19167" mi="3" ci="0" mb="2" cb="0"/><line nr="19168" mi="9" ci="0" mb="0" cb="0"/><line nr="19170" mi="8" ci="0" mb="0" cb="0"/><line nr="19172" mi="1" ci="0" mb="0" cb="0"/><line nr="19173" mi="4" ci="0" mb="2" cb="0"/><line nr="19174" mi="4" ci="0" mb="0" cb="0"/><line nr="19175" mi="7" ci="0" mb="0" cb="0"/><line nr="19176" mi="10" ci="0" mb="0" cb="0"/><line nr="19178" mi="2" ci="0" mb="0" cb="0"/><line nr="19182" mi="5" ci="0" mb="2" cb="0"/><line nr="19183" mi="2" ci="0" mb="0" cb="0"/><line nr="19185" mi="2" ci="0" mb="0" cb="0"/><line nr="19186" mi="6" ci="0" mb="2" cb="0"/><line nr="19187" mi="9" ci="0" mb="2" cb="0"/><line nr="19188" mi="2" ci="0" mb="0" cb="0"/><line nr="19190" mi="1" ci="0" mb="0" cb="0"/><line nr="19192" mi="11" ci="0" mb="2" cb="0"/><line nr="19193" mi="2" ci="0" mb="0" cb="0"/><line nr="19195" mi="1" ci="0" mb="0" cb="0"/><line nr="19196" mi="11" ci="0" mb="2" cb="0"/><line nr="19197" mi="2" ci="0" mb="0" cb="0"/><line nr="19198" mi="8" ci="0" mb="2" cb="0"/><line nr="19199" mi="13" ci="0" mb="2" cb="0"/><line nr="19200" mi="4" ci="0" mb="0" cb="0"/><line nr="19201" mi="1" ci="0" mb="0" cb="0"/><line nr="19204" mi="2" ci="0" mb="2" cb="0"/><line nr="19205" mi="1" ci="0" mb="0" cb="0"/><line nr="19208" mi="8" ci="0" mb="2" cb="0"/><line nr="19212" mi="5" ci="0" mb="2" cb="0"/><line nr="19213" mi="2" ci="0" mb="0" cb="0"/><line nr="19215" mi="6" ci="0" mb="0" cb="0"/><line nr="19216" mi="10" ci="0" mb="2" cb="0"/><line nr="19220" mi="12" ci="0" mb="2" cb="0"/><line nr="19221" mi="4" ci="0" mb="0" cb="0"/><line nr="19222" mi="5" ci="0" mb="2" cb="0"/><line nr="19224" mi="2" ci="0" mb="0" cb="0"/><line nr="19228" mi="3" ci="0" mb="2" cb="0"/><line nr="19229" mi="2" ci="0" mb="0" cb="0"/><line nr="19231" mi="3" ci="0" mb="0" cb="0"/><line nr="19232" mi="3" ci="0" mb="0" cb="0"/><line nr="19233" mi="3" ci="0" mb="2" cb="0"/><line nr="19234" mi="4" ci="0" mb="2" cb="0"/><line nr="19235" mi="2" ci="0" mb="0" cb="0"/><line nr="19238" mi="2" ci="0" mb="0" cb="0"/><counter type="INSTRUCTION" missed="42494" covered="0"/><counter type="BRANCH" missed="4745" covered="0"/><counter type="LINE" missed="6974" covered="0"/><counter type="COMPLEXITY" missed="4185" covered="0"/><counter type="METHOD" missed="1809" covered="0"/><counter type="CLASS" missed="171" covered="0"/></sourcefile><counter type="INSTRUCTION" missed="42494" covered="0"/><counter type="BRANCH" missed="4745" covered="0"/><counter type="LINE" missed="6974" covered="0"/><counter type="COMPLEXITY" missed="4185" covered="0"/><counter type="METHOD" missed="1809" covered="0"/><counter type="CLASS" missed="171" covered="0"/></package><package name="hexlet/code"><class name="hexlet/code/Differ" sourcefilename="Differ.java"><method name="&lt;init&gt;" desc="()V" line="11"><counter type="INSTRUCTION" missed="3" covered="0"/><counter type="LINE" missed="1" covered="0"/><counter type="COMPLEXITY" missed="1" covered="0"/><counter type="METHOD" missed="1" covered="0"/></method><method name="generate" desc="(Ljava/lang/String;Ljava/lang/String;)Ljava/lang/String;" line="14"><counter type="INSTRUCTION" missed="0" covered="40"/><counter type="LINE" missed="0" covered="12"/><counter type="COMPLEXITY" missed="0" covered="1"/><counter type="METHOD" missed="0" covered="1"/></method><method name="parseFile" desc="(Ljava/lang/String;)Ljava/util/Map;" line="43"><counter type="INSTRUCTION" missed="7" covered="38"/><counter type="BRANCH" missed="1" covered="3"/><counter type="LINE" missed="1" covered="7"/><counter type="COMPLEXITY" missed="1" covered="2"/><counter type="METHOD" missed="0" covered="1"/></method><method name="lambda$generate$0" desc="(Ljava/util/Map;Ljava/util/Map;[Ljava/lang/String;Ljava/lang/String;)V" line="26"><counter type="INSTRUCTION" missed="43" covered="48"/><counter type="BRANCH" missed="5" covered="9"/><counter type="LINE" missed="4" covered="7"/><counter type="COMPLEXITY" missed="4" covered="4"/><counter type="METHOD" missed="0" covered="1"/></method><counter type="INSTRUCTION" missed="53" covered="126"/><counter type="BRANCH" missed="6" covered="12"/><counter type="LINE" missed="6" covered="26"/><counter type="COMPLEXITY" missed="6" covered="7"/><counter type="METHOD" missed="1" covered="3"/><counter type="CLASS" missed="0" covered="1"/></class><class name="hexlet/code/App" sourcefilename="App.java"><method name="&lt;init&gt;" desc="()V" line="13"><counter type="INSTRUCTION" missed="6" covered="0"/><counter type="LINE" missed="2" covered="0"/><counter type="COMPLEXITY" missed="1" covered="0"/><counter type="METHOD" missed="1" covered="0"/></method><method name="call" desc="()Ljava/lang/Integer;" line="26"><counter type="INSTRUCTION" missed="8" covered="0"/><counter type="LINE" missed="2" covered="0"/><counter type="COMPLEXITY" missed="1" covered="0"/><counter type="METHOD" missed="1" covered="0"/></method><method name="main" desc="([Ljava/lang/String;)V" line="31"><counter type="INSTRUCTION" missed="10" covered="0"/><counter type="LINE" missed="2" covered="0"/><counter type="COMPLEXITY" missed="1" covered="0"/><counter type="METHOD" missed="1" covered="0"/></method><counter type="INSTRUCTION" missed="24" covered="0"/><counter type="LINE" missed="6" covered="0"/><counter type="COMPLEXITY" missed="3" covered="0"/><counter type="METHOD" missed="3" covered="0"/><counter type="CLASS" missed="1" covered="0"/></class><sourcefile name="App.java"><line nr="13" mi="2" ci="0" mb="0" cb="0"/><line nr="21" mi="4" ci="0" mb="0" cb="0"/><line nr="26" mi="5" ci="0" mb="0" cb="0"/><line nr="27" mi="3" ci="0" mb="0" cb="0"/><line nr="31" mi="9" ci="0" mb="0" cb="0"/><line nr="32" mi="1" ci="0" mb="0" cb="0"/><counter type="INSTRUCTION" missed="24" covered="0"/><counter type="LINE" missed="6" covered="0"/><counter type="COMPLEXITY" missed="3" covered="0"/><counter type="METHOD" missed="3" covered="0"/><counter type="CLASS" missed="1" covered="0"/></sourcefile><sourcefile name="Differ.java"><line nr="11" mi="3" ci="0" mb="0" cb="0"/><line nr="14" mi="0" ci="3" mb="0" cb="0"/><line nr="15" mi="0" ci="3" mb="0" cb="0"/><line nr="17" mi="0" ci="5" mb="0" cb="0"/><line nr="18" mi="0" ci="3" mb="0" cb="0"/><line nr="20" mi="0" ci="3" mb="0" cb="0"/><line nr="21" mi="0" ci="4" mb="0" cb="0"/><line nr="22" mi="0" ci="2" mb="0" cb="0"/><line nr="23" mi="0" ci="1" mb="0" cb="0"/><line nr="24" mi="0" ci="5" mb="0" cb="0"/><line nr="25" mi="0" ci="1" mb="0" cb="0"/><line nr="26" mi="2" ci="8" mb="1" cb="3"/><line nr="27" mi="6" ci="0" mb="2" cb="0"/><line nr="28" mi="12" ci="0" mb="0" cb="0"/><line nr="29" mi="0" ci="8" mb="1" cb="3"/><line nr="30" mi="11" ci="0" mb="0" cb="0"/><line nr="31" mi="12" ci="0" mb="0" cb="0"/><line nr="32" mi="0" ci="4" mb="0" cb="2"/><line nr="33" mi="0" ci="12" mb="0" cb="0"/><line nr="34" mi="0" ci="4" mb="1" cb="1"/><line nr="35" mi="0" ci="11" mb="0" cb="0"/><line nr="37" mi="0" ci="1" mb="0" cb="0"/><line nr="38" mi="0" ci="6" mb="0" cb="0"/><line nr="39" mi="0" ci="4" mb="0" cb="0"/><line nr="43" mi="0" ci="4" mb="0" cb="0"/><line nr="44" mi="0" ci="7" mb="0" cb="0"/><line nr="45" mi="0" ci="5" mb="1" cb="1"/><line nr="46" mi="7" ci="0" mb="0" cb="0"/><line nr="48" mi="0" ci="6" mb="0" cb="0"/><line nr="49" mi="0" ci="5" mb="0" cb="2"/><line nr="50" mi="0" ci="4" mb="0" cb="0"/><line nr="52" mi="0" ci="7" mb="0" cb="0"/><counter type="INSTRUCTION" missed="53" covered="126"/><counter type="BRANCH" missed="6" covered="12"/><counter type="LINE" missed="6" covered="26"/><counter type="COMPLEXITY" missed="6" covered="7"/><counter type="METHOD" missed="1" covered="3"/><counter type="CLASS" missed="0" covered="1"/></sourcefile><counter type="INSTRUCTION" missed="77" covered="126"/><counter type="BRANCH" missed="6" covered="12"/><counter type="LINE" missed="12" covered="26"/><counter type="COMPLEXITY" missed="9" covered="7"/><counter type="METHOD" missed="4" covered="3"/><counter type="CLASS" missed="1" covered="1"/></package><counter type="INSTRUCTION" missed="42571" covered="126"/><counter type="BRANCH" missed="4751" covered="12"/><counter type="LINE" missed="6986" covered="26"/><counter type="COMPLEXITY" missed="4194" covered="7"/><counter type="METHOD" missed="1813" covered="3"/><counter type="CLASS" missed="172" covered="1"/></report>